{"numFailedTestSuites":2,"numFailedTests":13,"numPassedTestSuites":11,"numPassedTests":134,"numPendingTestSuites":0,"numPendingTests":0,"numRuntimeErrorTestSuites":0,"numTodoTests":0,"numTotalTestSuites":13,"numTotalTests":147,"openHandles":[],"snapshot":{"added":0,"didUpdate":false,"failure":false,"filesAdded":0,"filesRemoved":0,"filesRemovedList":[],"filesUnmatched":0,"filesUpdated":0,"matched":0,"total":0,"unchecked":0,"uncheckedKeysByFile":[],"unmatched":0,"updated":0},"startTime":1758871549424,"success":false,"testResults":[{"assertionResults":[{"ancestorTitles":["Environment Integration Tests","Service Health Checks"],"duration":46,"failureDetails":[{}],"failureMessages":["Error: Frontend service failed to start\n    at startTestEnvironment (/mnt/e/vibe/athlete-ally-original/apps/frontend/tests/integration/environment.test.ts:125:11)\n    at Object.<anonymous> (/mnt/e/vibe/athlete-ally-original/apps/frontend/tests/integration/environment.test.ts:162:5)"],"fullName":"Environment Integration Tests Service Health Checks should start all services successfully","invocations":1,"location":null,"numPassingAsserts":0,"retryReasons":[],"status":"failed","title":"should start all services successfully"},{"ancestorTitles":["Environment Integration Tests","Service Health Checks"],"duration":1,"failureDetails":[{}],"failureMessages":["Error: Frontend service failed to start\n    at startTestEnvironment (/mnt/e/vibe/athlete-ally-original/apps/frontend/tests/integration/environment.test.ts:125:11)\n    at Object.<anonymous> (/mnt/e/vibe/athlete-ally-original/apps/frontend/tests/integration/environment.test.ts:162:5)"],"fullName":"Environment Integration Tests Service Health Checks should have healthy frontend service","invocations":1,"location":null,"numPassingAsserts":0,"retryReasons":[],"status":"failed","title":"should have healthy frontend service"},{"ancestorTitles":["Environment Integration Tests","Service Health Checks"],"duration":0,"failureDetails":[{}],"failureMessages":["Error: Frontend service failed to start\n    at startTestEnvironment (/mnt/e/vibe/athlete-ally-original/apps/frontend/tests/integration/environment.test.ts:125:11)\n    at Object.<anonymous> (/mnt/e/vibe/athlete-ally-original/apps/frontend/tests/integration/environment.test.ts:162:5)"],"fullName":"Environment Integration Tests Service Health Checks should have healthy gateway BFF service","invocations":1,"location":null,"numPassingAsserts":0,"retryReasons":[],"status":"failed","title":"should have healthy gateway BFF service"},{"ancestorTitles":["Environment Integration Tests","API Communication"],"duration":1,"failureDetails":[{}],"failureMessages":["Error: Frontend service failed to start\n    at startTestEnvironment (/mnt/e/vibe/athlete-ally-original/apps/frontend/tests/integration/environment.test.ts:125:11)\n    at Object.<anonymous> (/mnt/e/vibe/athlete-ally-original/apps/frontend/tests/integration/environment.test.ts:162:5)"],"fullName":"Environment Integration Tests API Communication should handle service communication","invocations":1,"location":null,"numPassingAsserts":0,"retryReasons":[],"status":"failed","title":"should handle service communication"},{"ancestorTitles":["Environment Integration Tests","API Communication"],"duration":1,"failureDetails":[{}],"failureMessages":["Error: Frontend service failed to start\n    at startTestEnvironment (/mnt/e/vibe/athlete-ally-original/apps/frontend/tests/integration/environment.test.ts:125:11)\n    at Object.<anonymous> (/mnt/e/vibe/athlete-ally-original/apps/frontend/tests/integration/environment.test.ts:162:5)"],"fullName":"Environment Integration Tests API Communication should proxy API requests correctly","invocations":1,"location":null,"numPassingAsserts":0,"retryReasons":[],"status":"failed","title":"should proxy API requests correctly"},{"ancestorTitles":["Environment Integration Tests","Environment Configuration"],"duration":0,"failureDetails":[{}],"failureMessages":["Error: Frontend service failed to start\n    at startTestEnvironment (/mnt/e/vibe/athlete-ally-original/apps/frontend/tests/integration/environment.test.ts:125:11)\n    at Object.<anonymous> (/mnt/e/vibe/athlete-ally-original/apps/frontend/tests/integration/environment.test.ts:162:5)"],"fullName":"Environment Integration Tests Environment Configuration should have required environment variables","invocations":1,"location":null,"numPassingAsserts":0,"retryReasons":[],"status":"failed","title":"should have required environment variables"},{"ancestorTitles":["Environment Integration Tests","Environment Configuration"],"duration":0,"failureDetails":[{}],"failureMessages":["Error: Frontend service failed to start\n    at startTestEnvironment (/mnt/e/vibe/athlete-ally-original/apps/frontend/tests/integration/environment.test.ts:125:11)\n    at Object.<anonymous> (/mnt/e/vibe/athlete-ally-original/apps/frontend/tests/integration/environment.test.ts:162:5)"],"fullName":"Environment Integration Tests Environment Configuration should have correct service URLs","invocations":1,"location":null,"numPassingAsserts":0,"retryReasons":[],"status":"failed","title":"should have correct service URLs"},{"ancestorTitles":["Environment Integration Tests","Performance Tests"],"duration":0,"failureDetails":[{}],"failureMessages":["Error: Frontend service failed to start\n    at startTestEnvironment (/mnt/e/vibe/athlete-ally-original/apps/frontend/tests/integration/environment.test.ts:125:11)\n    at Object.<anonymous> (/mnt/e/vibe/athlete-ally-original/apps/frontend/tests/integration/environment.test.ts:162:5)"],"fullName":"Environment Integration Tests Performance Tests should respond within acceptable time limits","invocations":1,"location":null,"numPassingAsserts":0,"retryReasons":[],"status":"failed","title":"should respond within acceptable time limits"},{"ancestorTitles":["Environment Integration Tests","Performance Tests"],"duration":1,"failureDetails":[{}],"failureMessages":["Error: Frontend service failed to start\n    at startTestEnvironment (/mnt/e/vibe/athlete-ally-original/apps/frontend/tests/integration/environment.test.ts:125:11)\n    at Object.<anonymous> (/mnt/e/vibe/athlete-ally-original/apps/frontend/tests/integration/environment.test.ts:162:5)"],"fullName":"Environment Integration Tests Performance Tests should handle concurrent requests","invocations":1,"location":null,"numPassingAsserts":0,"retryReasons":[],"status":"failed","title":"should handle concurrent requests"},{"ancestorTitles":["Environment Integration Tests","Error Handling"],"duration":0,"failureDetails":[{}],"failureMessages":["Error: Frontend service failed to start\n    at startTestEnvironment (/mnt/e/vibe/athlete-ally-original/apps/frontend/tests/integration/environment.test.ts:125:11)\n    at Object.<anonymous> (/mnt/e/vibe/athlete-ally-original/apps/frontend/tests/integration/environment.test.ts:162:5)"],"fullName":"Environment Integration Tests Error Handling should handle invalid endpoints gracefully","invocations":1,"location":null,"numPassingAsserts":0,"retryReasons":[],"status":"failed","title":"should handle invalid endpoints gracefully"},{"ancestorTitles":["Environment Integration Tests","Error Handling"],"duration":0,"failureDetails":[{}],"failureMessages":["Error: Frontend service failed to start\n    at startTestEnvironment (/mnt/e/vibe/athlete-ally-original/apps/frontend/tests/integration/environment.test.ts:125:11)\n    at Object.<anonymous> (/mnt/e/vibe/athlete-ally-original/apps/frontend/tests/integration/environment.test.ts:162:5)"],"fullName":"Environment Integration Tests Error Handling should handle malformed requests","invocations":1,"location":null,"numPassingAsserts":0,"retryReasons":[],"status":"failed","title":"should handle malformed requests"}],"endTime":1758871681839,"message":"  ● Environment Integration Tests › Service Health Checks › should start all services successfully\n\n    Frontend service failed to start\n\n      123 |   const frontendReady = await waitForService(TEST_CONFIG.FRONTEND_URL, 'Frontend');\n      124 |   if (!frontendReady) {\n    > 125 |     throw new Error('Frontend service failed to start');\n          |           ^\n      126 |   }\n      127 |   \n      128 |   // 检查Gateway BFF服务\n\n      at startTestEnvironment (apps/frontend/tests/integration/environment.test.ts:125:11)\n      at Object.<anonymous> (apps/frontend/tests/integration/environment.test.ts:162:5)\n\n  ● Environment Integration Tests › Service Health Checks › should have healthy frontend service\n\n    Frontend service failed to start\n\n      123 |   const frontendReady = await waitForService(TEST_CONFIG.FRONTEND_URL, 'Frontend');\n      124 |   if (!frontendReady) {\n    > 125 |     throw new Error('Frontend service failed to start');\n          |           ^\n      126 |   }\n      127 |   \n      128 |   // 检查Gateway BFF服务\n\n      at startTestEnvironment (apps/frontend/tests/integration/environment.test.ts:125:11)\n      at Object.<anonymous> (apps/frontend/tests/integration/environment.test.ts:162:5)\n\n  ● Environment Integration Tests › Service Health Checks › should have healthy gateway BFF service\n\n    Frontend service failed to start\n\n      123 |   const frontendReady = await waitForService(TEST_CONFIG.FRONTEND_URL, 'Frontend');\n      124 |   if (!frontendReady) {\n    > 125 |     throw new Error('Frontend service failed to start');\n          |           ^\n      126 |   }\n      127 |   \n      128 |   // 检查Gateway BFF服务\n\n      at startTestEnvironment (apps/frontend/tests/integration/environment.test.ts:125:11)\n      at Object.<anonymous> (apps/frontend/tests/integration/environment.test.ts:162:5)\n\n  ● Environment Integration Tests › API Communication › should handle service communication\n\n    Frontend service failed to start\n\n      123 |   const frontendReady = await waitForService(TEST_CONFIG.FRONTEND_URL, 'Frontend');\n      124 |   if (!frontendReady) {\n    > 125 |     throw new Error('Frontend service failed to start');\n          |           ^\n      126 |   }\n      127 |   \n      128 |   // 检查Gateway BFF服务\n\n      at startTestEnvironment (apps/frontend/tests/integration/environment.test.ts:125:11)\n      at Object.<anonymous> (apps/frontend/tests/integration/environment.test.ts:162:5)\n\n  ● Environment Integration Tests › API Communication › should proxy API requests correctly\n\n    Frontend service failed to start\n\n      123 |   const frontendReady = await waitForService(TEST_CONFIG.FRONTEND_URL, 'Frontend');\n      124 |   if (!frontendReady) {\n    > 125 |     throw new Error('Frontend service failed to start');\n          |           ^\n      126 |   }\n      127 |   \n      128 |   // 检查Gateway BFF服务\n\n      at startTestEnvironment (apps/frontend/tests/integration/environment.test.ts:125:11)\n      at Object.<anonymous> (apps/frontend/tests/integration/environment.test.ts:162:5)\n\n  ● Environment Integration Tests › Environment Configuration › should have required environment variables\n\n    Frontend service failed to start\n\n      123 |   const frontendReady = await waitForService(TEST_CONFIG.FRONTEND_URL, 'Frontend');\n      124 |   if (!frontendReady) {\n    > 125 |     throw new Error('Frontend service failed to start');\n          |           ^\n      126 |   }\n      127 |   \n      128 |   // 检查Gateway BFF服务\n\n      at startTestEnvironment (apps/frontend/tests/integration/environment.test.ts:125:11)\n      at Object.<anonymous> (apps/frontend/tests/integration/environment.test.ts:162:5)\n\n  ● Environment Integration Tests › Environment Configuration › should have correct service URLs\n\n    Frontend service failed to start\n\n      123 |   const frontendReady = await waitForService(TEST_CONFIG.FRONTEND_URL, 'Frontend');\n      124 |   if (!frontendReady) {\n    > 125 |     throw new Error('Frontend service failed to start');\n          |           ^\n      126 |   }\n      127 |   \n      128 |   // 检查Gateway BFF服务\n\n      at startTestEnvironment (apps/frontend/tests/integration/environment.test.ts:125:11)\n      at Object.<anonymous> (apps/frontend/tests/integration/environment.test.ts:162:5)\n\n  ● Environment Integration Tests › Performance Tests › should respond within acceptable time limits\n\n    Frontend service failed to start\n\n      123 |   const frontendReady = await waitForService(TEST_CONFIG.FRONTEND_URL, 'Frontend');\n      124 |   if (!frontendReady) {\n    > 125 |     throw new Error('Frontend service failed to start');\n          |           ^\n      126 |   }\n      127 |   \n      128 |   // 检查Gateway BFF服务\n\n      at startTestEnvironment (apps/frontend/tests/integration/environment.test.ts:125:11)\n      at Object.<anonymous> (apps/frontend/tests/integration/environment.test.ts:162:5)\n\n  ● Environment Integration Tests › Performance Tests › should handle concurrent requests\n\n    Frontend service failed to start\n\n      123 |   const frontendReady = await waitForService(TEST_CONFIG.FRONTEND_URL, 'Frontend');\n      124 |   if (!frontendReady) {\n    > 125 |     throw new Error('Frontend service failed to start');\n          |           ^\n      126 |   }\n      127 |   \n      128 |   // 检查Gateway BFF服务\n\n      at startTestEnvironment (apps/frontend/tests/integration/environment.test.ts:125:11)\n      at Object.<anonymous> (apps/frontend/tests/integration/environment.test.ts:162:5)\n\n  ● Environment Integration Tests › Error Handling › should handle invalid endpoints gracefully\n\n    Frontend service failed to start\n\n      123 |   const frontendReady = await waitForService(TEST_CONFIG.FRONTEND_URL, 'Frontend');\n      124 |   if (!frontendReady) {\n    > 125 |     throw new Error('Frontend service failed to start');\n          |           ^\n      126 |   }\n      127 |   \n      128 |   // 检查Gateway BFF服务\n\n      at startTestEnvironment (apps/frontend/tests/integration/environment.test.ts:125:11)\n      at Object.<anonymous> (apps/frontend/tests/integration/environment.test.ts:162:5)\n\n  ● Environment Integration Tests › Error Handling › should handle malformed requests\n\n    Frontend service failed to start\n\n      123 |   const frontendReady = await waitForService(TEST_CONFIG.FRONTEND_URL, 'Frontend');\n      124 |   if (!frontendReady) {\n    > 125 |     throw new Error('Frontend service failed to start');\n          |           ^\n      126 |   }\n      127 |   \n      128 |   // 检查Gateway BFF服务\n\n      at startTestEnvironment (apps/frontend/tests/integration/environment.test.ts:125:11)\n      at Object.<anonymous> (apps/frontend/tests/integration/environment.test.ts:162:5)\n","name":"/mnt/e/vibe/athlete-ally-original/apps/frontend/tests/integration/environment.test.ts","startTime":1758871623466,"status":"failed","summary":""},{"assertionResults":[{"ancestorTitles":["API Integration Tests","健康检查API"],"duration":12,"failureDetails":[{"matcherResult":{"actual":0,"expected":200,"message":"expect(received).toBe(expected) // Object.is equality\n\nExpected: 200\nReceived: 0","name":"toBe","pass":false}}],"failureMessages":["Error: expect(received).toBe(expected) // Object.is equality\n\nExpected: 200\nReceived: 0\n    at Object.<anonymous> (/mnt/e/vibe/athlete-ally-original/apps/frontend/src/__tests__/integration/api-integration.test.ts:24:29)"],"fullName":"API Integration Tests 健康检查API 应该返回健康状态","invocations":1,"location":null,"numPassingAsserts":2,"retryReasons":[],"status":"failed","title":"应该返回健康状态"},{"ancestorTitles":["API Integration Tests","训练计划生成API"],"duration":50,"failureDetails":[],"failureMessages":[],"fullName":"API Integration Tests 训练计划生成API 应该成功生成训练计划","invocations":1,"location":null,"numPassingAsserts":2,"retryReasons":[],"status":"passed","title":"应该成功生成训练计划"},{"ancestorTitles":["API Integration Tests","训练计划生成API"],"duration":2,"failureDetails":[],"failureMessages":[],"fullName":"API Integration Tests 训练计划生成API 应该处理无效的用户输入","invocations":1,"location":null,"numPassingAsserts":3,"retryReasons":[],"status":"passed","title":"应该处理无效的用户输入"},{"ancestorTitles":["API Integration Tests","RPE反馈收集API"],"duration":26,"failureDetails":[],"failureMessages":[],"fullName":"API Integration Tests RPE反馈收集API 应该成功收集RPE反馈","invocations":1,"location":null,"numPassingAsserts":0,"retryReasons":[],"status":"passed","title":"应该成功收集RPE反馈"},{"ancestorTitles":["API Integration Tests","RPE反馈收集API"],"duration":24,"failureDetails":[],"failureMessages":[],"fullName":"API Integration Tests RPE反馈收集API 应该处理无效的RPE值","invocations":1,"location":null,"numPassingAsserts":0,"retryReasons":[],"status":"passed","title":"应该处理无效的RPE值"},{"ancestorTitles":["API Integration Tests","性能指标收集API"],"duration":26,"failureDetails":[],"failureMessages":[],"fullName":"API Integration Tests 性能指标收集API 应该成功收集性能指标","invocations":1,"location":null,"numPassingAsserts":0,"retryReasons":[],"status":"passed","title":"应该成功收集性能指标"},{"ancestorTitles":["API Integration Tests","性能指标收集API"],"duration":32,"failureDetails":[],"failureMessages":[],"fullName":"API Integration Tests 性能指标收集API 应该处理无效的性能指标","invocations":1,"location":null,"numPassingAsserts":0,"retryReasons":[],"status":"passed","title":"应该处理无效的性能指标"},{"ancestorTitles":["API Integration Tests","适应性调整API"],"duration":31,"failureDetails":[],"failureMessages":[],"fullName":"API Integration Tests 适应性调整API 应该成功获取适应性调整","invocations":1,"location":null,"numPassingAsserts":0,"retryReasons":[],"status":"passed","title":"应该成功获取适应性调整"},{"ancestorTitles":["API Integration Tests","API文档和监控端点"],"duration":29,"failureDetails":[],"failureMessages":[],"fullName":"API Integration Tests API文档和监控端点 应该提供API文档","invocations":1,"location":null,"numPassingAsserts":2,"retryReasons":[],"status":"passed","title":"应该提供API文档"},{"ancestorTitles":["API Integration Tests","API文档和监控端点"],"duration":23,"failureDetails":[],"failureMessages":[],"fullName":"API Integration Tests API文档和监控端点 应该提供监控指标","invocations":1,"location":null,"numPassingAsserts":2,"retryReasons":[],"status":"passed","title":"应该提供监控指标"},{"ancestorTitles":["API Integration Tests","端到端API流程测试"],"duration":6,"failureDetails":[{"matcherResult":{"actual":false,"expected":true,"message":"expect(received).toBe(expected) // Object.is equality\n\nExpected: true\nReceived: false","name":"toBe","pass":false}}],"failureMessages":["Error: expect(received).toBe(expected) // Object.is equality\n\nExpected: true\nReceived: false\n    at Object.<anonymous> (/mnt/e/vibe/athlete-ally-original/apps/frontend/src/__tests__/integration/api-integration.test.ts:259:44)"],"fullName":"API Integration Tests 端到端API流程测试 应该完成完整的训练计划流程","invocations":1,"location":null,"numPassingAsserts":2,"retryReasons":[],"status":"failed","title":"应该完成完整的训练计划流程"},{"ancestorTitles":["API Integration Tests","错误处理测试"],"duration":3,"failureDetails":[],"failureMessages":[],"fullName":"API Integration Tests 错误处理测试 应该优雅处理网络错误","invocations":1,"location":null,"numPassingAsserts":3,"retryReasons":[],"status":"passed","title":"应该优雅处理网络错误"},{"ancestorTitles":["API Integration Tests","错误处理测试"],"duration":2,"failureDetails":[],"failureMessages":[],"fullName":"API Integration Tests 错误处理测试 应该优雅处理服务器错误","invocations":1,"location":null,"numPassingAsserts":3,"retryReasons":[],"status":"passed","title":"应该优雅处理服务器错误"},{"ancestorTitles":["API Integration Tests","性能测试"],"duration":1,"failureDetails":[],"failureMessages":[],"fullName":"API Integration Tests 性能测试 API响应时间应该在合理范围内","invocations":1,"location":null,"numPassingAsserts":2,"retryReasons":[],"status":"passed","title":"API响应时间应该在合理范围内"},{"ancestorTitles":["API Integration Tests","性能测试"],"duration":4,"failureDetails":[],"failureMessages":[],"fullName":"API Integration Tests 性能测试 并发请求应该正常工作","invocations":1,"location":null,"numPassingAsserts":11,"retryReasons":[],"status":"passed","title":"并发请求应该正常工作"}],"endTime":1758871696181,"message":"  ● API Integration Tests › 健康检查API › 应该返回健康状态\n\n    expect(received).toBe(expected) // Object.is equality\n\n    Expected: 200\n    Received: 0\n\n      22 |       expect(result).toBeDefined();\n      23 |       expect(APITestUtils.validateAPIResponse(result)).toBe(true);\n    > 24 |       expect(result.status).toBe(200);\n         |                             ^\n      25 |       expect(result.success).toBe(true);\n      26 |     });\n      27 |   });\n\n      at Object.<anonymous> (apps/frontend/src/__tests__/integration/api-integration.test.ts:24:29)\n\n  ● API Integration Tests › 端到端API流程测试 › 应该完成完整的训练计划流程\n\n    expect(received).toBe(expected) // Object.is equality\n\n    Expected: true\n    Received: false\n\n      257 |\n      258 |       // 至少健康检查应该通过\n    > 259 |       expect(results.healthCheck?.success).toBe(true);\n          |                                            ^\n      260 |     });\n      261 |   });\n      262 |\n\n      at Object.<anonymous> (apps/frontend/src/__tests__/integration/api-integration.test.ts:259:44)\n","name":"/mnt/e/vibe/athlete-ally-original/apps/frontend/src/__tests__/integration/api-integration.test.ts","startTime":1758871682105,"status":"failed","summary":""},{"assertionResults":[{"ancestorTitles":["ProtocolPermissionsManager"],"duration":166,"failureDetails":[],"failureMessages":[],"fullName":"ProtocolPermissionsManager 应该正确渲染权限管理组件","invocations":1,"location":null,"numPassingAsserts":2,"retryReasons":[],"status":"passed","title":"应该正确渲染权限管理组件"},{"ancestorTitles":["ProtocolPermissionsManager"],"duration":36,"failureDetails":[],"failureMessages":[],"fullName":"ProtocolPermissionsManager 应该显示分享设置标签页","invocations":1,"location":null,"numPassingAsserts":3,"retryReasons":[],"status":"passed","title":"应该显示分享设置标签页"},{"ancestorTitles":["ProtocolPermissionsManager"],"duration":26,"failureDetails":[],"failureMessages":[],"fullName":"ProtocolPermissionsManager 应该显示公开协议开关","invocations":1,"location":null,"numPassingAsserts":2,"retryReasons":[],"status":"passed","title":"应该显示公开协议开关"},{"ancestorTitles":["ProtocolPermissionsManager"],"duration":12,"failureDetails":[],"failureMessages":[],"fullName":"ProtocolPermissionsManager 应该显示空状态当没有分享时","invocations":1,"location":null,"numPassingAsserts":1,"retryReasons":[],"status":"passed","title":"应该显示空状态当没有分享时"},{"ancestorTitles":["ProtocolPermissionsManager"],"duration":201,"failureDetails":[],"failureMessages":[],"fullName":"ProtocolPermissionsManager 应该打开分享对话框当点击分享按钮时","invocations":1,"location":null,"numPassingAsserts":1,"retryReasons":[],"status":"passed","title":"应该打开分享对话框当点击分享按钮时"},{"ancestorTitles":["ProtocolPermissionsManager"],"duration":61,"failureDetails":[],"failureMessages":[],"fullName":"ProtocolPermissionsManager 应该显示权限说明","invocations":1,"location":null,"numPassingAsserts":7,"retryReasons":[],"status":"passed","title":"应该显示权限说明"},{"ancestorTitles":["ProtocolPermissionsManager"],"duration":46,"failureDetails":[],"failureMessages":[],"fullName":"ProtocolPermissionsManager 应该显示公开设置说明","invocations":1,"location":null,"numPassingAsserts":6,"retryReasons":[],"status":"passed","title":"应该显示公开设置说明"},{"ancestorTitles":["ShareDialog"],"duration":64,"failureDetails":[],"failureMessages":[],"fullName":"ShareDialog 应该正确渲染分享对话框","invocations":1,"location":null,"numPassingAsserts":3,"retryReasons":[],"status":"passed","title":"应该正确渲染分享对话框"},{"ancestorTitles":["ShareDialog"],"duration":78,"failureDetails":[],"failureMessages":[],"fullName":"ShareDialog 应该允许选择权限","invocations":1,"location":null,"numPassingAsserts":4,"retryReasons":[],"status":"passed","title":"应该允许选择权限"},{"ancestorTitles":["ShareDialog"],"duration":62,"failureDetails":[],"failureMessages":[],"fullName":"ShareDialog 应该允许设置过期时间","invocations":1,"location":null,"numPassingAsserts":2,"retryReasons":[],"status":"passed","title":"应该允许设置过期时间"},{"ancestorTitles":["ShareDialog"],"duration":52,"failureDetails":[],"failureMessages":[],"fullName":"ShareDialog 应该允许添加分享消息","invocations":1,"location":null,"numPassingAsserts":2,"retryReasons":[],"status":"passed","title":"应该允许添加分享消息"},{"ancestorTitles":["PermissionIndicator"],"duration":40,"failureDetails":[],"failureMessages":[],"fullName":"PermissionIndicator 应该正确显示权限图标","invocations":1,"location":null,"numPassingAsserts":6,"retryReasons":[],"status":"passed","title":"应该正确显示权限图标"}],"endTime":1758871759228,"message":"","name":"/mnt/e/vibe/athlete-ally-original/apps/frontend/src/__tests__/permissions/ProtocolPermissionsManager.test.tsx","startTime":1758871696286,"status":"passed","summary":""},{"assertionResults":[{"ancestorTitles":["V3ProtocolEngine","RPE 觸發決策器測試","場景 A: 常規訓練 (STANDARD 協議)"],"duration":2,"failureDetails":[],"failureMessages":[],"fullName":"V3ProtocolEngine RPE 觸發決策器測試 場景 A: 常規訓練 (STANDARD 協議) 應該在核心動作的最後一組觸發 RPE","invocations":1,"location":null,"numPassingAsserts":4,"retryReasons":[],"status":"passed","title":"應該在核心動作的最後一組觸發 RPE"},{"ancestorTitles":["V3ProtocolEngine","RPE 觸發決策器測試","場景 A: 常規訓練 (STANDARD 協議)"],"duration":0,"failureDetails":[],"failureMessages":[],"fullName":"V3ProtocolEngine RPE 觸發決策器測試 場景 A: 常規訓練 (STANDARD 協議) 不應該在核心動作的非最後一組觸發 RPE","invocations":1,"location":null,"numPassingAsserts":2,"retryReasons":[],"status":"passed","title":"不應該在核心動作的非最後一組觸發 RPE"},{"ancestorTitles":["V3ProtocolEngine","RPE 觸發決策器測試","場景 A: 常規訓練 (STANDARD 協議)"],"duration":1,"failureDetails":[],"failureMessages":[],"fullName":"V3ProtocolEngine RPE 觸發決策器測試 場景 A: 常規訓練 (STANDARD 協議) 不應該在輔助動作觸發 RPE","invocations":1,"location":null,"numPassingAsserts":2,"retryReasons":[],"status":"passed","title":"不應該在輔助動作觸發 RPE"},{"ancestorTitles":["V3ProtocolEngine","RPE 觸發決策器測試","場景 A: 常規訓練 (STANDARD 協議)"],"duration":0,"failureDetails":[],"failureMessages":[],"fullName":"V3ProtocolEngine RPE 觸發決策器測試 場景 A: 常規訓練 (STANDARD 協議) 不應該在非核心動作類型觸發 RPE","invocations":1,"location":null,"numPassingAsserts":2,"retryReasons":[],"status":"passed","title":"不應該在非核心動作類型觸發 RPE"},{"ancestorTitles":["V3ProtocolEngine","RPE 觸發決策器測試","場景 B: 頂峰組訓練 (TOP_SET_AMRAP 協議)"],"duration":1,"failureDetails":[],"failureMessages":[],"fullName":"V3ProtocolEngine RPE 觸發決策器測試 場景 B: 頂峰組訓練 (TOP_SET_AMRAP 協議) 應該在關鍵組觸發 RPE","invocations":1,"location":null,"numPassingAsserts":4,"retryReasons":[],"status":"passed","title":"應該在關鍵組觸發 RPE"},{"ancestorTitles":["V3ProtocolEngine","RPE 觸發決策器測試","場景 B: 頂峰組訓練 (TOP_SET_AMRAP 協議)"],"duration":0,"failureDetails":[],"failureMessages":[],"fullName":"V3ProtocolEngine RPE 觸發決策器測試 場景 B: 頂峰組訓練 (TOP_SET_AMRAP 協議) 不應該在非關鍵組觸發 RPE","invocations":1,"location":null,"numPassingAsserts":2,"retryReasons":[],"status":"passed","title":"不應該在非關鍵組觸發 RPE"},{"ancestorTitles":["V3ProtocolEngine","RPE 觸發決策器測試","場景 B: 頂峰組訓練 (TOP_SET_AMRAP 協議)"],"duration":0,"failureDetails":[],"failureMessages":[],"fullName":"V3ProtocolEngine RPE 觸發決策器測試 場景 B: 頂峰組訓練 (TOP_SET_AMRAP 協議) 不應該在輔助動作的關鍵組觸發 RPE","invocations":1,"location":null,"numPassingAsserts":2,"retryReasons":[],"status":"passed","title":"不應該在輔助動作的關鍵組觸發 RPE"},{"ancestorTitles":["V3ProtocolEngine","RPE 觸發決策器測試","場景 C: 最大力量測試 (MAX_STRENGTH_TEST 協議)"],"duration":5,"failureDetails":[],"failureMessages":[],"fullName":"V3ProtocolEngine RPE 觸發決策器測試 場景 C: 最大力量測試 (MAX_STRENGTH_TEST 協議) 應該在每次試舉都觸發 RPE","invocations":1,"location":null,"numPassingAsserts":4,"retryReasons":[],"status":"passed","title":"應該在每次試舉都觸發 RPE"},{"ancestorTitles":["V3ProtocolEngine","RPE 觸發決策器測試","場景 C: 最大力量測試 (MAX_STRENGTH_TEST 協議)"],"duration":1,"failureDetails":[],"failureMessages":[],"fullName":"V3ProtocolEngine RPE 觸發決策器測試 場景 C: 最大力量測試 (MAX_STRENGTH_TEST 協議) 應該在每次試舉都觸發 RPE，無論組數","invocations":1,"location":null,"numPassingAsserts":3,"retryReasons":[],"status":"passed","title":"應該在每次試舉都觸發 RPE，無論組數"},{"ancestorTitles":["V3ProtocolEngine","RPE 觸發決策器測試","場景 C: 最大力量測試 (MAX_STRENGTH_TEST 協議)"],"duration":0,"failureDetails":[],"failureMessages":[],"fullName":"V3ProtocolEngine RPE 觸發決策器測試 場景 C: 最大力量測試 (MAX_STRENGTH_TEST 協議) 應該在輔助動作也觸發 RPE","invocations":1,"location":null,"numPassingAsserts":3,"retryReasons":[],"status":"passed","title":"應該在輔助動作也觸發 RPE"},{"ancestorTitles":["V3ProtocolEngine","RPE 觸發決策器測試","邊界情況測試"],"duration":0,"failureDetails":[],"failureMessages":[],"fullName":"V3ProtocolEngine RPE 觸發決策器測試 邊界情況測試 應該處理無效的協議 ID","invocations":1,"location":null,"numPassingAsserts":2,"retryReasons":[],"status":"passed","title":"應該處理無效的協議 ID"},{"ancestorTitles":["V3ProtocolEngine","RPE 觸發決策器測試","邊界情況測試"],"duration":0,"failureDetails":[],"failureMessages":[],"fullName":"V3ProtocolEngine RPE 觸發決策器測試 邊界情況測試 應該處理空上下文","invocations":1,"location":null,"numPassingAsserts":2,"retryReasons":[],"status":"passed","title":"應該處理空上下文"},{"ancestorTitles":["V3ProtocolEngine","RPE 觸發決策器測試","邊界情況測試"],"duration":1,"failureDetails":[],"failureMessages":[],"fullName":"V3ProtocolEngine RPE 觸發決策器測試 邊界情況測試 應該處理高強度組觸發條件","invocations":1,"location":null,"numPassingAsserts":1,"retryReasons":[],"status":"passed","title":"應該處理高強度組觸發條件"},{"ancestorTitles":["V3ProtocolEngine","適應性規則引擎測試","場景 A: 進展順利"],"duration":1,"failureDetails":[],"failureMessages":[],"fullName":"V3ProtocolEngine 適應性規則引擎測試 場景 A: 進展順利 應該在力量持續增長時建議增加強度","invocations":1,"location":null,"numPassingAsserts":1,"retryReasons":[],"status":"passed","title":"應該在力量持續增長時建議增加強度"},{"ancestorTitles":["V3ProtocolEngine","適應性規則引擎測試","場景 B: 遇到阻力"],"duration":1,"failureDetails":[],"failureMessages":[],"fullName":"V3ProtocolEngine 適應性規則引擎測試 場景 B: 遇到阻力 應該在 RPE 趨勢上升時建議降低負荷","invocations":1,"location":null,"numPassingAsserts":3,"retryReasons":[],"status":"passed","title":"應該在 RPE 趨勢上升時建議降低負荷"},{"ancestorTitles":["V3ProtocolEngine","適應性規則引擎測試","場景 B: 遇到阻力"],"duration":0,"failureDetails":[],"failureMessages":[],"fullName":"V3ProtocolEngine 適應性規則引擎測試 場景 B: 遇到阻力 應該在高疲勞水平時建議休息","invocations":1,"location":null,"numPassingAsserts":3,"retryReasons":[],"status":"passed","title":"應該在高疲勞水平時建議休息"},{"ancestorTitles":["V3ProtocolEngine","適應性規則引擎測試","場景 C: 減載協議"],"duration":1,"failureDetails":[],"failureMessages":[],"fullName":"V3ProtocolEngine 適應性規則引擎測試 場景 C: 減載協議 應該在滿足減載條件時建議減載","invocations":1,"location":null,"numPassingAsserts":2,"retryReasons":[],"status":"passed","title":"應該在滿足減載條件時建議減載"},{"ancestorTitles":["V3ProtocolEngine","適應性規則引擎測試","邊界情況測試"],"duration":0,"failureDetails":[],"failureMessages":[],"fullName":"V3ProtocolEngine 適應性規則引擎測試 邊界情況測試 應該處理空上下文","invocations":1,"location":null,"numPassingAsserts":1,"retryReasons":[],"status":"passed","title":"應該處理空上下文"},{"ancestorTitles":["V3ProtocolEngine","適應性規則引擎測試","邊界情況測試"],"duration":0,"failureDetails":[],"failureMessages":[],"fullName":"V3ProtocolEngine 適應性規則引擎測試 邊界情況測試 應該處理無效的協議 ID","invocations":1,"location":null,"numPassingAsserts":1,"retryReasons":[],"status":"passed","title":"應該處理無效的協議 ID"},{"ancestorTitles":["V3ProtocolEngine","適應性規則引擎測試","邊界情況測試"],"duration":0,"failureDetails":[],"failureMessages":[],"fullName":"V3ProtocolEngine 適應性規則引擎測試 邊界情況測試 應該處理不完整的 RPE 數據","invocations":1,"location":null,"numPassingAsserts":1,"retryReasons":[],"status":"passed","title":"應該處理不完整的 RPE 數據"},{"ancestorTitles":["V3ProtocolEngine","協議管理測試"],"duration":0,"failureDetails":[],"failureMessages":[],"fullName":"V3ProtocolEngine 協議管理測試 應該獲取所有協議","invocations":1,"location":null,"numPassingAsserts":4,"retryReasons":[],"status":"passed","title":"應該獲取所有協議"},{"ancestorTitles":["V3ProtocolEngine","協議管理測試"],"duration":1,"failureDetails":[],"failureMessages":[],"fullName":"V3ProtocolEngine 協議管理測試 應該根據 ID 獲取特定協議","invocations":1,"location":null,"numPassingAsserts":6,"retryReasons":[],"status":"passed","title":"應該根據 ID 獲取特定協議"},{"ancestorTitles":["V3ProtocolEngine","協議管理測試"],"duration":0,"failureDetails":[],"failureMessages":[],"fullName":"V3ProtocolEngine 協議管理測試 應該根據訓練日類型獲取協議","invocations":1,"location":null,"numPassingAsserts":3,"retryReasons":[],"status":"passed","title":"應該根據訓練日類型獲取協議"},{"ancestorTitles":["V3ProtocolEngine","性能測試"],"duration":1,"failureDetails":[],"failureMessages":[],"fullName":"V3ProtocolEngine 性能測試 應該快速處理 RPE 觸發決策","invocations":1,"location":null,"numPassingAsserts":1,"retryReasons":[],"status":"passed","title":"應該快速處理 RPE 觸發決策"},{"ancestorTitles":["V3ProtocolEngine","性能測試"],"duration":2,"failureDetails":[],"failureMessages":[],"fullName":"V3ProtocolEngine 性能測試 應該快速處理適應性規則評估","invocations":1,"location":null,"numPassingAsserts":1,"retryReasons":[],"status":"passed","title":"應該快速處理適應性規則評估"}],"endTime":1758871763744,"message":"","name":"/mnt/e/vibe/athlete-ally-original/apps/frontend/src/lib/protocols/__tests__/v3-protocol-engine.test.ts","startTime":1758871759271,"status":"passed","summary":""},{"assertionResults":[{"ancestorTitles":["AdvancedSearch"],"duration":33,"failureDetails":[],"failureMessages":[],"fullName":"AdvancedSearch renders search input and filter button","invocations":1,"location":null,"numPassingAsserts":3,"retryReasons":[],"status":"passed","title":"renders search input and filter button"},{"ancestorTitles":["AdvancedSearch"],"duration":136,"failureDetails":[],"failureMessages":[],"fullName":"AdvancedSearch calls onSearch when search button is clicked","invocations":1,"location":null,"numPassingAsserts":1,"retryReasons":[],"status":"passed","title":"calls onSearch when search button is clicked"},{"ancestorTitles":["AdvancedSearch"],"duration":56,"failureDetails":[],"failureMessages":[],"fullName":"AdvancedSearch calls onSearch when Enter key is pressed","invocations":1,"location":null,"numPassingAsserts":1,"retryReasons":[],"status":"passed","title":"calls onSearch when Enter key is pressed"},{"ancestorTitles":["AdvancedSearch"],"duration":28,"failureDetails":[],"failureMessages":[],"fullName":"AdvancedSearch calls onClear when clear button is clicked","invocations":1,"location":null,"numPassingAsserts":1,"retryReasons":[],"status":"passed","title":"calls onClear when clear button is clicked"},{"ancestorTitles":["AdvancedSearch"],"duration":25,"failureDetails":[],"failureMessages":[],"fullName":"AdvancedSearch shows filter panel when filter button is clicked","invocations":1,"location":null,"numPassingAsserts":4,"retryReasons":[],"status":"passed","title":"shows filter panel when filter button is clicked"},{"ancestorTitles":["AdvancedSearch"],"duration":64,"failureDetails":[],"failureMessages":[],"fullName":"AdvancedSearch handles multiselect filter correctly","invocations":1,"location":null,"numPassingAsserts":2,"retryReasons":[],"status":"passed","title":"handles multiselect filter correctly"},{"ancestorTitles":["AdvancedSearch"],"duration":44,"failureDetails":[],"failureMessages":[],"fullName":"AdvancedSearch handles select filter correctly","invocations":1,"location":null,"numPassingAsserts":1,"retryReasons":[],"status":"passed","title":"handles select filter correctly"},{"ancestorTitles":["AdvancedSearch"],"duration":68,"failureDetails":[],"failureMessages":[],"fullName":"AdvancedSearch handles range filter correctly","invocations":1,"location":null,"numPassingAsserts":2,"retryReasons":[],"status":"passed","title":"handles range filter correctly"},{"ancestorTitles":["AdvancedSearch"],"duration":67,"failureDetails":[],"failureMessages":[],"fullName":"AdvancedSearch shows active filter badges","invocations":1,"location":null,"numPassingAsserts":1,"retryReasons":[],"status":"passed","title":"shows active filter badges"},{"ancestorTitles":["AdvancedSearch"],"duration":78,"failureDetails":[],"failureMessages":[],"fullName":"AdvancedSearch removes filter badge when close button is clicked","invocations":1,"location":null,"numPassingAsserts":1,"retryReasons":[],"status":"passed","title":"removes filter badge when close button is clicked"}],"endTime":1758871774736,"message":"","name":"/mnt/e/vibe/athlete-ally-original/apps/frontend/src/__tests__/components/AdvancedSearch.test.tsx","startTime":1758871763792,"status":"passed","summary":""},{"assertionResults":[{"ancestorTitles":["useTrainingQueries"],"duration":15,"failureDetails":[],"failureMessages":[],"fullName":"useTrainingQueries should initialize usePlans with default values","invocations":1,"location":null,"numPassingAsserts":1,"retryReasons":[],"status":"passed","title":"should initialize usePlans with default values"},{"ancestorTitles":["useTrainingQueries"],"duration":3,"failureDetails":[],"failureMessages":[],"fullName":"useTrainingQueries should handle usePlan with valid id","invocations":1,"location":null,"numPassingAsserts":1,"retryReasons":[],"status":"passed","title":"should handle usePlan with valid id"},{"ancestorTitles":["useTrainingQueries"],"duration":2,"failureDetails":[],"failureMessages":[],"fullName":"useTrainingQueries should initialize useCreatePlan mutation","invocations":1,"location":null,"numPassingAsserts":1,"retryReasons":[],"status":"passed","title":"should initialize useCreatePlan mutation"}],"endTime":1758871783897,"message":"","name":"/mnt/e/vibe/athlete-ally-original/apps/frontend/src/__tests__/hooks/useTrainingQueries.test.tsx","startTime":1758871774776,"status":"passed","summary":""},{"assertionResults":[{"ancestorTitles":["PlanCard"],"duration":44,"failureDetails":[],"failureMessages":[],"fullName":"PlanCard renders plan information correctly","invocations":1,"location":null,"numPassingAsserts":6,"retryReasons":[],"status":"passed","title":"renders plan information correctly"},{"ancestorTitles":["PlanCard"],"duration":15,"failureDetails":[],"failureMessages":[],"fullName":"PlanCard calls onSelect when select button is clicked","invocations":1,"location":null,"numPassingAsserts":1,"retryReasons":[],"status":"passed","title":"calls onSelect when select button is clicked"},{"ancestorTitles":["PlanCard"],"duration":10,"failureDetails":[],"failureMessages":[],"fullName":"PlanCard calls onEdit when edit button is clicked","invocations":1,"location":null,"numPassingAsserts":1,"retryReasons":[],"status":"passed","title":"calls onEdit when edit button is clicked"},{"ancestorTitles":["PlanCard"],"duration":9,"failureDetails":[],"failureMessages":[],"fullName":"PlanCard displays difficulty badge with correct styling","invocations":1,"location":null,"numPassingAsserts":1,"retryReasons":[],"status":"passed","title":"displays difficulty badge with correct styling"},{"ancestorTitles":["PlanCard"],"duration":9,"failureDetails":[],"failureMessages":[],"fullName":"PlanCard renders all tags","invocations":1,"location":null,"numPassingAsserts":2,"retryReasons":[],"status":"passed","title":"renders all tags"}],"endTime":1758871792648,"message":"","name":"/mnt/e/vibe/athlete-ally-original/apps/frontend/src/__tests__/components/PlanCard.test.tsx","startTime":1758871783943,"status":"passed","summary":""},{"assertionResults":[{"ancestorTitles":["PermissionsAPIClient","checkPermission"],"duration":4,"failureDetails":[],"failureMessages":[],"fullName":"PermissionsAPIClient checkPermission 应该正确检查用户权限","invocations":1,"location":null,"numPassingAsserts":2,"retryReasons":[],"status":"passed","title":"应该正确检查用户权限"},{"ancestorTitles":["PermissionsAPIClient","checkPermission"],"duration":15,"failureDetails":[],"failureMessages":[],"fullName":"PermissionsAPIClient checkPermission 应该处理权限检查失败","invocations":1,"location":null,"numPassingAsserts":1,"retryReasons":[],"status":"passed","title":"应该处理权限检查失败"},{"ancestorTitles":["PermissionsAPIClient","getUserPermissions"],"duration":1,"failureDetails":[],"failureMessages":[],"fullName":"PermissionsAPIClient getUserPermissions 应该正确获取用户权限","invocations":1,"location":null,"numPassingAsserts":2,"retryReasons":[],"status":"passed","title":"应该正确获取用户权限"},{"ancestorTitles":["PermissionsAPIClient","getProtocolShares"],"duration":2,"failureDetails":[],"failureMessages":[],"fullName":"PermissionsAPIClient getProtocolShares 应该正确获取协议分享列表","invocations":1,"location":null,"numPassingAsserts":2,"retryReasons":[],"status":"passed","title":"应该正确获取协议分享列表"},{"ancestorTitles":["PermissionsAPIClient","shareProtocol"],"duration":2,"failureDetails":[],"failureMessages":[],"fullName":"PermissionsAPIClient shareProtocol 应该正确分享协议","invocations":1,"location":null,"numPassingAsserts":2,"retryReasons":[],"status":"passed","title":"应该正确分享协议"},{"ancestorTitles":["PermissionsAPIClient","updateProtocolShare"],"duration":1,"failureDetails":[],"failureMessages":[],"fullName":"PermissionsAPIClient updateProtocolShare 应该正确更新分享权限","invocations":1,"location":null,"numPassingAsserts":2,"retryReasons":[],"status":"passed","title":"应该正确更新分享权限"},{"ancestorTitles":["PermissionsAPIClient","revokeProtocolShare"],"duration":1,"failureDetails":[],"failureMessages":[],"fullName":"PermissionsAPIClient revokeProtocolShare 应该正确撤销分享","invocations":1,"location":null,"numPassingAsserts":1,"retryReasons":[],"status":"passed","title":"应该正确撤销分享"},{"ancestorTitles":["PermissionsAPIClient","acceptProtocolShare"],"duration":1,"failureDetails":[],"failureMessages":[],"fullName":"PermissionsAPIClient acceptProtocolShare 应该正确接受分享","invocations":1,"location":null,"numPassingAsserts":2,"retryReasons":[],"status":"passed","title":"应该正确接受分享"},{"ancestorTitles":["PermissionsAPIClient","rejectProtocolShare"],"duration":1,"failureDetails":[],"failureMessages":[],"fullName":"PermissionsAPIClient rejectProtocolShare 应该正确拒绝分享","invocations":1,"location":null,"numPassingAsserts":1,"retryReasons":[],"status":"passed","title":"应该正确拒绝分享"},{"ancestorTitles":["PermissionsAPIClient","getReceivedShares"],"duration":1,"failureDetails":[],"failureMessages":[],"fullName":"PermissionsAPIClient getReceivedShares 应该正确获取收到的分享","invocations":1,"location":null,"numPassingAsserts":2,"retryReasons":[],"status":"passed","title":"应该正确获取收到的分享"},{"ancestorTitles":["PermissionsAPIClient","getSentShares"],"duration":1,"failureDetails":[],"failureMessages":[],"fullName":"PermissionsAPIClient getSentShares 应该正确获取发送的分享","invocations":1,"location":null,"numPassingAsserts":2,"retryReasons":[],"status":"passed","title":"应该正确获取发送的分享"},{"ancestorTitles":["PermissionsAPIClient","setProtocolPublic"],"duration":1,"failureDetails":[],"failureMessages":[],"fullName":"PermissionsAPIClient setProtocolPublic 应该正确设置协议公开状态","invocations":1,"location":null,"numPassingAsserts":2,"retryReasons":[],"status":"passed","title":"应该正确设置协议公开状态"},{"ancestorTitles":["PermissionsAPIClient","copyPublicProtocol"],"duration":1,"failureDetails":[],"failureMessages":[],"fullName":"PermissionsAPIClient copyPublicProtocol 应该正确复制公开协议","invocations":1,"location":null,"numPassingAsserts":2,"retryReasons":[],"status":"passed","title":"应该正确复制公开协议"},{"ancestorTitles":["PermissionsAPIClient","getPublicProtocols"],"duration":2,"failureDetails":[],"failureMessages":[],"fullName":"PermissionsAPIClient getPublicProtocols 应该正确获取公开协议列表","invocations":1,"location":null,"numPassingAsserts":2,"retryReasons":[],"status":"passed","title":"应该正确获取公开协议列表"},{"ancestorTitles":["PermissionsAPIClient","searchUsers"],"duration":1,"failureDetails":[],"failureMessages":[],"fullName":"PermissionsAPIClient searchUsers 应该正确搜索用户","invocations":1,"location":null,"numPassingAsserts":2,"retryReasons":[],"status":"passed","title":"应该正确搜索用户"},{"ancestorTitles":["PermissionsAPIClient","getPermissionStats"],"duration":1,"failureDetails":[],"failureMessages":[],"fullName":"PermissionsAPIClient getPermissionStats 应该正确获取权限统计","invocations":1,"location":null,"numPassingAsserts":2,"retryReasons":[],"status":"passed","title":"应该正确获取权限统计"},{"ancestorTitles":["PermissionsAPIClient","错误处理"],"duration":69,"failureDetails":[],"failureMessages":[],"fullName":"PermissionsAPIClient 错误处理 应该正确处理网络错误","invocations":1,"location":null,"numPassingAsserts":1,"retryReasons":[],"status":"passed","title":"应该正确处理网络错误"},{"ancestorTitles":["PermissionsAPIClient","错误处理"],"duration":1,"failureDetails":[],"failureMessages":[],"fullName":"PermissionsAPIClient 错误处理 应该正确处理API错误响应","invocations":1,"location":null,"numPassingAsserts":1,"retryReasons":[],"status":"passed","title":"应该正确处理API错误响应"},{"ancestorTitles":["PermissionsAPIClient","错误处理"],"duration":1,"failureDetails":[],"failureMessages":[],"fullName":"PermissionsAPIClient 错误处理 应该正确处理空响应","invocations":1,"location":null,"numPassingAsserts":1,"retryReasons":[],"status":"passed","title":"应该正确处理空响应"}],"endTime":1758871800864,"message":"","name":"/mnt/e/vibe/athlete-ally-original/apps/frontend/src/__tests__/api/permissions-api.test.ts","startTime":1758871792699,"status":"passed","summary":""},{"assertionResults":[{"ancestorTitles":["RPE Trigger Logic E2E Tests","WKO-IN-02: 條件觸發式 RPE (核心測試)"],"duration":17,"failureDetails":[],"failureMessages":[],"fullName":"RPE Trigger Logic E2E Tests WKO-IN-02: 條件觸發式 RPE (核心測試) should NOT trigger RPE for accessory exercises","invocations":1,"location":null,"numPassingAsserts":9,"retryReasons":[],"status":"passed","title":"should NOT trigger RPE for accessory exercises"},{"ancestorTitles":["RPE Trigger Logic E2E Tests","WKO-IN-02: 條件觸發式 RPE (核心測試)"],"duration":7,"failureDetails":[],"failureMessages":[],"fullName":"RPE Trigger Logic E2E Tests WKO-IN-02: 條件觸發式 RPE (核心測試) should trigger RPE for core exercises on final set","invocations":1,"location":null,"numPassingAsserts":9,"retryReasons":[],"status":"passed","title":"should trigger RPE for core exercises on final set"},{"ancestorTitles":["RPE Trigger Logic E2E Tests","WKO-IN-02: 條件觸發式 RPE (核心測試)"],"duration":4,"failureDetails":[],"failureMessages":[],"fullName":"RPE Trigger Logic E2E Tests WKO-IN-02: 條件觸發式 RPE (核心測試) should handle mixed core and accessory exercises correctly","invocations":1,"location":null,"numPassingAsserts":3,"retryReasons":[],"status":"passed","title":"should handle mixed core and accessory exercises correctly"},{"ancestorTitles":["RPE Trigger Logic E2E Tests","WKO-IN-02: 條件觸發式 RPE (核心測試)"],"duration":7,"failureDetails":[],"failureMessages":[],"fullName":"RPE Trigger Logic E2E Tests WKO-IN-02: 條件觸發式 RPE (核心測試) should handle multiple core exercises correctly","invocations":1,"location":null,"numPassingAsserts":3,"retryReasons":[],"status":"passed","title":"should handle multiple core exercises correctly"},{"ancestorTitles":["RPE Trigger Logic E2E Tests","WKO-IN-01: 日誌預填寫"],"duration":3,"failureDetails":[],"failureMessages":[],"fullName":"RPE Trigger Logic E2E Tests WKO-IN-01: 日誌預填寫 should pre-fill weight and reps for subsequent sets","invocations":1,"location":null,"numPassingAsserts":4,"retryReasons":[],"status":"passed","title":"should pre-fill weight and reps for subsequent sets"},{"ancestorTitles":["RPE Trigger Logic E2E Tests","WKO-IN-01: 日誌預填寫"],"duration":2,"failureDetails":[],"failureMessages":[],"fullName":"RPE Trigger Logic E2E Tests WKO-IN-01: 日誌預填寫 should not pre-fill for first set","invocations":1,"location":null,"numPassingAsserts":3,"retryReasons":[],"status":"passed","title":"should not pre-fill for first set"}],"endTime":1758871805079,"message":"","name":"/mnt/e/vibe/athlete-ally-original/apps/frontend/tests/jest-e2e/rpe-trigger-logic.test.ts","startTime":1758871800928,"status":"passed","summary":""},{"assertionResults":[{"ancestorTitles":["Weight Conversion E2E Tests","PLN-FUNC-01: 科學化重量單位轉換"],"duration":4,"failureDetails":[],"failureMessages":[],"fullName":"Weight Conversion E2E Tests PLN-FUNC-01: 科學化重量單位轉換 should convert 135 lbs to 61.2 kg using scientific rounding","invocations":1,"location":null,"numPassingAsserts":5,"retryReasons":[],"status":"passed","title":"should convert 135 lbs to 61.2 kg using scientific rounding"},{"ancestorTitles":["Weight Conversion E2E Tests","PLN-FUNC-01: 科學化重量單位轉換"],"duration":2,"failureDetails":[],"failureMessages":[],"fullName":"Weight Conversion E2E Tests PLN-FUNC-01: 科學化重量單位轉換 should convert 61.2 kg back to 134.9 lbs","invocations":1,"location":null,"numPassingAsserts":2,"retryReasons":[],"status":"passed","title":"should convert 61.2 kg back to 134.9 lbs"},{"ancestorTitles":["Weight Conversion E2E Tests","PLN-FUNC-01: 科學化重量單位轉換"],"duration":3,"failureDetails":[],"failureMessages":[],"fullName":"Weight Conversion E2E Tests PLN-FUNC-01: 科學化重量單位轉換 should handle multiple weight conversions in training plan","invocations":1,"location":null,"numPassingAsserts":8,"retryReasons":[],"status":"passed","title":"should handle multiple weight conversions in training plan"},{"ancestorTitles":["Weight Conversion E2E Tests","PLN-FUNC-01: 科學化重量單位轉換"],"duration":2,"failureDetails":[],"failureMessages":[],"fullName":"Weight Conversion E2E Tests PLN-FUNC-01: 科學化重量單位轉換 should maintain precision for small weights","invocations":1,"location":null,"numPassingAsserts":6,"retryReasons":[],"status":"passed","title":"should maintain precision for small weights"},{"ancestorTitles":["Weight Conversion E2E Tests","PLN-FUNC-01: 科學化重量單位轉換"],"duration":3,"failureDetails":[],"failureMessages":[],"fullName":"Weight Conversion E2E Tests PLN-FUNC-01: 科學化重量單位轉換 should handle edge cases correctly","invocations":1,"location":null,"numPassingAsserts":6,"retryReasons":[],"status":"passed","title":"should handle edge cases correctly"},{"ancestorTitles":["Weight Conversion E2E Tests","Training Plan Weight Display"],"duration":5,"failureDetails":[],"failureMessages":[],"fullName":"Weight Conversion E2E Tests Training Plan Weight Display should update all weights in training plan when unit changes","invocations":1,"location":null,"numPassingAsserts":6,"retryReasons":[],"status":"passed","title":"should update all weights in training plan when unit changes"},{"ancestorTitles":["Weight Conversion E2E Tests","Training Plan Weight Display"],"duration":3,"failureDetails":[],"failureMessages":[],"fullName":"Weight Conversion E2E Tests Training Plan Weight Display should maintain user preference across sessions","invocations":1,"location":null,"numPassingAsserts":6,"retryReasons":[],"status":"passed","title":"should maintain user preference across sessions"}],"endTime":1758871808961,"message":"","name":"/mnt/e/vibe/athlete-ally-original/apps/frontend/tests/jest-e2e/weight-conversion.test.ts","startTime":1758871805136,"status":"passed","summary":""},{"assertionResults":[{"ancestorTitles":["Responsive Layout E2E Tests","PLN-UI-01: 響應式佈局與加載狀態"],"duration":106,"failureDetails":[],"failureMessages":[],"fullName":"Responsive Layout E2E Tests PLN-UI-01: 響應式佈局與加載狀態 should display skeleton screen during loading","invocations":1,"location":null,"numPassingAsserts":3,"retryReasons":[],"status":"passed","title":"should display skeleton screen during loading"},{"ancestorTitles":["Responsive Layout E2E Tests","PLN-UI-01: 響應式佈局與加載狀態"],"duration":2,"failureDetails":[],"failureMessages":[],"fullName":"Responsive Layout E2E Tests PLN-UI-01: 響應式佈局與加載狀態 should switch to dual-column layout on wide screens","invocations":1,"location":null,"numPassingAsserts":3,"retryReasons":[],"status":"passed","title":"should switch to dual-column layout on wide screens"},{"ancestorTitles":["Responsive Layout E2E Tests","PLN-UI-01: 響應式佈局與加載狀態"],"duration":1,"failureDetails":[],"failureMessages":[],"fullName":"Responsive Layout E2E Tests PLN-UI-01: 響應式佈局與加載狀態 should switch to single-column layout on narrow screens","invocations":1,"location":null,"numPassingAsserts":3,"retryReasons":[],"status":"passed","title":"should switch to single-column layout on narrow screens"},{"ancestorTitles":["Responsive Layout E2E Tests","PLN-UI-01: 響應式佈局與加載狀態"],"duration":3,"failureDetails":[],"failureMessages":[],"fullName":"Responsive Layout E2E Tests PLN-UI-01: 響應式佈局與加載狀態 should handle breakpoint transition smoothly","invocations":1,"location":null,"numPassingAsserts":3,"retryReasons":[],"status":"passed","title":"should handle breakpoint transition smoothly"},{"ancestorTitles":["Responsive Layout E2E Tests","PLN-UI-01: 響應式佈局與加載狀態"],"duration":3,"failureDetails":[],"failureMessages":[],"fullName":"Responsive Layout E2E Tests PLN-UI-01: 響應式佈局與加載狀態 should maintain layout stability during data updates","invocations":1,"location":null,"numPassingAsserts":3,"retryReasons":[],"status":"passed","title":"should maintain layout stability during data updates"},{"ancestorTitles":["Responsive Layout E2E Tests","PLN-UI-01: 響應式佈局與加載狀態"],"duration":1,"failureDetails":[],"failureMessages":[],"fullName":"Responsive Layout E2E Tests PLN-UI-01: 響應式佈局與加載狀態 should handle mobile orientation changes","invocations":1,"location":null,"numPassingAsserts":2,"retryReasons":[],"status":"passed","title":"should handle mobile orientation changes"},{"ancestorTitles":["Responsive Layout E2E Tests","Layout Performance"],"duration":1,"failureDetails":[],"failureMessages":[],"fullName":"Responsive Layout E2E Tests Layout Performance should load within performance budget","invocations":1,"location":null,"numPassingAsserts":1,"retryReasons":[],"status":"passed","title":"should load within performance budget"},{"ancestorTitles":["Responsive Layout E2E Tests","Layout Performance"],"duration":4,"failureDetails":[],"failureMessages":[],"fullName":"Responsive Layout E2E Tests Layout Performance should handle rapid resize events","invocations":1,"location":null,"numPassingAsserts":10,"retryReasons":[],"status":"passed","title":"should handle rapid resize events"},{"ancestorTitles":["Responsive Layout E2E Tests","Content Responsiveness"],"duration":2,"failureDetails":[],"failureMessages":[],"fullName":"Responsive Layout E2E Tests Content Responsiveness should adjust content density based on screen size","invocations":1,"location":null,"numPassingAsserts":4,"retryReasons":[],"status":"passed","title":"should adjust content density based on screen size"},{"ancestorTitles":["Responsive Layout E2E Tests","Content Responsiveness"],"duration":8,"failureDetails":[],"failureMessages":[],"fullName":"Responsive Layout E2E Tests Content Responsiveness should maintain readability across all screen sizes","invocations":1,"location":null,"numPassingAsserts":18,"retryReasons":[],"status":"passed","title":"should maintain readability across all screen sizes"}],"endTime":1758871813344,"message":"","name":"/mnt/e/vibe/athlete-ally-original/apps/frontend/tests/jest-e2e/responsive-layout.test.ts","startTime":1758871809017,"status":"passed","summary":""},{"assertionResults":[{"ancestorTitles":["Onboarding Data Persistence E2E Tests","ONB-E2E-01: 數據持久性與流程完整性"],"duration":9,"failureDetails":[],"failureMessages":[],"fullName":"Onboarding Data Persistence E2E Tests ONB-E2E-01: 數據持久性與流程完整性 should persist onboarding data across all steps","invocations":1,"location":null,"numPassingAsserts":10,"retryReasons":[],"status":"passed","title":"should persist onboarding data across all steps"},{"ancestorTitles":["Onboarding Data Persistence E2E Tests","ONB-E2E-01: 數據持久性與流程完整性"],"duration":9,"failureDetails":[],"failureMessages":[],"fullName":"Onboarding Data Persistence E2E Tests ONB-E2E-01: 數據持久性與流程完整性 should maintain data when navigating back and forward","invocations":1,"location":null,"numPassingAsserts":7,"retryReasons":[],"status":"passed","title":"should maintain data when navigating back and forward"},{"ancestorTitles":["Onboarding Data Persistence E2E Tests","ONB-SUM-01: Summary 頁面數據顯示"],"duration":3,"failureDetails":[],"failureMessages":[],"fullName":"Onboarding Data Persistence E2E Tests ONB-SUM-01: Summary 頁面數據顯示 should display complete onboarding data in summary","invocations":1,"location":null,"numPassingAsserts":9,"retryReasons":[],"status":"passed","title":"should display complete onboarding data in summary"}],"endTime":1758871817591,"message":"","name":"/mnt/e/vibe/athlete-ally-original/apps/frontend/tests/jest-e2e/onboarding-data-persistence.test.ts","startTime":1758871813401,"status":"passed","summary":""},{"assertionResults":[{"ancestorTitles":["Onboarding合同统一测试","OnboardingPayloadSchema验证"],"duration":3,"failureDetails":[],"failureMessages":[],"fullName":"Onboarding合同统一测试 OnboardingPayloadSchema验证 应该接受有效的onboarding数据","invocations":1,"location":null,"numPassingAsserts":2,"retryReasons":[],"status":"passed","title":"应该接受有效的onboarding数据"},{"ancestorTitles":["Onboarding合同统一测试","OnboardingPayloadSchema验证"],"duration":1,"failureDetails":[],"failureMessages":[],"fullName":"Onboarding合同统一测试 OnboardingPayloadSchema验证 应该拒绝无效的userId格式","invocations":1,"location":null,"numPassingAsserts":2,"retryReasons":[],"status":"passed","title":"应该拒绝无效的userId格式"},{"ancestorTitles":["Onboarding合同统一测试","OnboardingPayloadSchema验证"],"duration":1,"failureDetails":[],"failureMessages":[],"fullName":"Onboarding合同统一测试 OnboardingPayloadSchema验证 应该拒绝无效的availabilityDays值","invocations":1,"location":null,"numPassingAsserts":2,"retryReasons":[],"status":"passed","title":"应该拒绝无效的availabilityDays值"},{"ancestorTitles":["Onboarding合同统一测试","OnboardingPayloadSchema验证"],"duration":1,"failureDetails":[],"failureMessages":[],"fullName":"Onboarding合同统一测试 OnboardingPayloadSchema验证 应该拒绝无效的proficiency值","invocations":1,"location":null,"numPassingAsserts":2,"retryReasons":[],"status":"passed","title":"应该拒绝无效的proficiency值"},{"ancestorTitles":["Onboarding合同统一测试","OnboardingPayloadSchema验证"],"duration":0,"failureDetails":[],"failureMessages":[],"fullName":"Onboarding合同统一测试 OnboardingPayloadSchema验证 应该接受可选的字段","invocations":1,"location":null,"numPassingAsserts":2,"retryReasons":[],"status":"passed","title":"应该接受可选的字段"},{"ancestorTitles":["Onboarding合同统一测试","availabilityDays类型统一"],"duration":1,"failureDetails":[],"failureMessages":[],"fullName":"Onboarding合同统一测试 availabilityDays类型统一 availabilityDays应该是数字类型","invocations":1,"location":null,"numPassingAsserts":2,"retryReasons":[],"status":"passed","title":"availabilityDays应该是数字类型"},{"ancestorTitles":["Onboarding合同统一测试","availabilityDays类型统一"],"duration":1,"failureDetails":[],"failureMessages":[],"fullName":"Onboarding合同统一测试 availabilityDays类型统一 应该拒绝字符串数组类型的availabilityDays","invocations":1,"location":null,"numPassingAsserts":2,"retryReasons":[],"status":"passed","title":"应该拒绝字符串数组类型的availabilityDays"},{"ancestorTitles":["Onboarding合同统一测试","availabilityDays类型统一"],"duration":6,"failureDetails":[],"failureMessages":[],"fullName":"Onboarding合同统一测试 availabilityDays类型统一 availabilityDays应该在1-7范围内","invocations":1,"location":null,"numPassingAsserts":5,"retryReasons":[],"status":"passed","title":"availabilityDays应该在1-7范围内"},{"ancestorTitles":["Onboarding合同统一测试","步骤验证功能"],"duration":1,"failureDetails":[],"failureMessages":[],"fullName":"Onboarding合同统一测试 步骤验证功能 应该正确验证步骤1（目的和目标）","invocations":1,"location":null,"numPassingAsserts":2,"retryReasons":[],"status":"passed","title":"应该正确验证步骤1（目的和目标）"},{"ancestorTitles":["Onboarding合同统一测试","步骤验证功能"],"duration":0,"failureDetails":[],"failureMessages":[],"fullName":"Onboarding合同统一测试 步骤验证功能 应该正确验证步骤2（技能水平）","invocations":1,"location":null,"numPassingAsserts":2,"retryReasons":[],"status":"passed","title":"应该正确验证步骤2（技能水平）"},{"ancestorTitles":["Onboarding合同统一测试","步骤验证功能"],"duration":0,"failureDetails":[],"failureMessages":[],"fullName":"Onboarding合同统一测试 步骤验证功能 应该正确验证步骤3（赛季和目标）","invocations":1,"location":null,"numPassingAsserts":2,"retryReasons":[],"status":"passed","title":"应该正确验证步骤3（赛季和目标）"},{"ancestorTitles":["Onboarding合同统一测试","步骤验证功能"],"duration":1,"failureDetails":[],"failureMessages":[],"fullName":"Onboarding合同统一测试 步骤验证功能 应该正确验证步骤4（可用性）","invocations":1,"location":null,"numPassingAsserts":2,"retryReasons":[],"status":"passed","title":"应该正确验证步骤4（可用性）"},{"ancestorTitles":["Onboarding合同统一测试","步骤验证功能"],"duration":0,"failureDetails":[],"failureMessages":[],"fullName":"Onboarding合同统一测试 步骤验证功能 应该正确验证步骤5（设备）","invocations":1,"location":null,"numPassingAsserts":2,"retryReasons":[],"status":"passed","title":"应该正确验证步骤5（设备）"},{"ancestorTitles":["Onboarding合同统一测试","步骤验证功能"],"duration":0,"failureDetails":[],"failureMessages":[],"fullName":"Onboarding合同统一测试 步骤验证功能 应该正确验证步骤6（恢复习惯）","invocations":1,"location":null,"numPassingAsserts":2,"retryReasons":[],"status":"passed","title":"应该正确验证步骤6（恢复习惯）"},{"ancestorTitles":["Onboarding合同统一测试","进度计算功能"],"duration":0,"failureDetails":[],"failureMessages":[],"fullName":"Onboarding合同统一测试 进度计算功能 应该正确计算步骤进度","invocations":1,"location":null,"numPassingAsserts":7,"retryReasons":[],"status":"passed","title":"应该正确计算步骤进度"},{"ancestorTitles":["Onboarding合同统一测试","合同兼容性测试"],"duration":1,"failureDetails":[],"failureMessages":[],"fullName":"Onboarding合同统一测试 合同兼容性测试 应该与前端API路由兼容","invocations":1,"location":null,"numPassingAsserts":1,"retryReasons":[],"status":"passed","title":"应该与前端API路由兼容"},{"ancestorTitles":["Onboarding合同统一测试","合同兼容性测试"],"duration":0,"failureDetails":[],"failureMessages":[],"fullName":"Onboarding合同统一测试 合同兼容性测试 应该与Gateway BFF兼容","invocations":1,"location":null,"numPassingAsserts":1,"retryReasons":[],"status":"passed","title":"应该与Gateway BFF兼容"},{"ancestorTitles":["Onboarding合同统一测试","合同兼容性测试"],"duration":1,"failureDetails":[],"failureMessages":[],"fullName":"Onboarding合同统一测试 合同兼容性测试 应该与Profile Onboarding服务兼容","invocations":1,"location":null,"numPassingAsserts":1,"retryReasons":[],"status":"passed","title":"应该与Profile Onboarding服务兼容"},{"ancestorTitles":["Onboarding合同统一测试","错误处理测试"],"duration":1,"failureDetails":[],"failureMessages":[],"fullName":"Onboarding合同统一测试 错误处理测试 应该提供详细的验证错误信息","invocations":1,"location":null,"numPassingAsserts":5,"retryReasons":[],"status":"passed","title":"应该提供详细的验证错误信息"},{"ancestorTitles":["Onboarding合同统一测试","错误处理测试"],"duration":0,"failureDetails":[],"failureMessages":[],"fullName":"Onboarding合同统一测试 错误处理测试 应该处理空数据","invocations":1,"location":null,"numPassingAsserts":1,"retryReasons":[],"status":"passed","title":"应该处理空数据"},{"ancestorTitles":["Onboarding合同统一测试","错误处理测试"],"duration":1,"failureDetails":[],"failureMessages":[],"fullName":"Onboarding合同统一测试 错误处理测试 应该处理非对象数据","invocations":1,"location":null,"numPassingAsserts":1,"retryReasons":[],"status":"passed","title":"应该处理非对象数据"}],"endTime":1758871822410,"message":"","name":"/mnt/e/vibe/athlete-ally-original/apps/frontend/tests/contracts/onboarding-unification.test.ts","startTime":1758871817627,"status":"passed","summary":""}],"wasInterrupted":false}
