{"numFailedTestSuites":0,"numFailedTests":0,"numPassedTestSuites":19,"numPassedTests":188,"numPendingTestSuites":2,"numPendingTests":26,"numRuntimeErrorTestSuites":0,"numTodoTests":0,"numTotalTestSuites":21,"numTotalTests":214,"openHandles":[],"snapshot":{"added":0,"didUpdate":false,"failure":false,"filesAdded":0,"filesRemoved":0,"filesRemovedList":[],"filesUnmatched":0,"filesUpdated":0,"matched":0,"total":0,"unchecked":0,"uncheckedKeysByFile":[],"unmatched":0,"updated":0},"startTime":1758342096481,"success":false,"testResults":[{"assertionResults":[{"ancestorTitles":["V3 Database Models","Weekly Review Model"],"duration":140,"failureDetails":[],"failureMessages":[],"fullName":"V3 Database Models Weekly Review Model should validate weekly review model structure","invocations":1,"location":null,"numPassingAsserts":1,"retryReasons":[],"status":"passed","title":"should validate weekly review model structure"},{"ancestorTitles":["V3 Database Models","Weekly Review Model"],"duration":3,"failureDetails":[],"failureMessages":[],"fullName":"V3 Database Models Weekly Review Model should validate core lift analysis constraints","invocations":1,"location":null,"numPassingAsserts":4,"retryReasons":[],"status":"passed","title":"should validate core lift analysis constraints"},{"ancestorTitles":["V3 Database Models","Adaptive Adjustment Model"],"duration":1,"failureDetails":[],"failureMessages":[],"fullName":"V3 Database Models Adaptive Adjustment Model should validate adjustment model structure","invocations":1,"location":null,"numPassingAsserts":1,"retryReasons":[],"status":"passed","title":"should validate adjustment model structure"},{"ancestorTitles":["V3 Database Models","Adaptive Adjustment Model"],"duration":2,"failureDetails":[],"failureMessages":[],"fullName":"V3 Database Models Adaptive Adjustment Model should validate value constraints","invocations":1,"location":null,"numPassingAsserts":4,"retryReasons":[],"status":"passed","title":"should validate value constraints"},{"ancestorTitles":["V3 Database Models","Progress Signal Model"],"duration":2,"failureDetails":[],"failureMessages":[],"fullName":"V3 Database Models Progress Signal Model should validate progress signal model structure","invocations":1,"location":null,"numPassingAsserts":1,"retryReasons":[],"status":"passed","title":"should validate progress signal model structure"},{"ancestorTitles":["V3 Database Models","Progress Signal Model"],"duration":1,"failureDetails":[],"failureMessages":[],"fullName":"V3 Database Models Progress Signal Model should validate tonnage data constraints","invocations":1,"location":null,"numPassingAsserts":4,"retryReasons":[],"status":"passed","title":"should validate tonnage data constraints"},{"ancestorTitles":["V3 Database Models","Recovery Notification Model"],"duration":1,"failureDetails":[],"failureMessages":[],"fullName":"V3 Database Models Recovery Notification Model should validate recovery notification model structure","invocations":1,"location":null,"numPassingAsserts":1,"retryReasons":[],"status":"passed","title":"should validate recovery notification model structure"},{"ancestorTitles":["V3 Database Models","Recovery Notification Model"],"duration":1,"failureDetails":[],"failureMessages":[],"fullName":"V3 Database Models Recovery Notification Model should validate trigger value constraints","invocations":1,"location":null,"numPassingAsserts":2,"retryReasons":[],"status":"passed","title":"should validate trigger value constraints"},{"ancestorTitles":["V3 Database Models","Database Constraints"],"duration":1,"failureDetails":[],"failureMessages":[],"fullName":"V3 Database Models Database Constraints should enforce foreign key relationships","invocations":1,"location":null,"numPassingAsserts":2,"retryReasons":[],"status":"passed","title":"should enforce foreign key relationships"},{"ancestorTitles":["V3 Database Models","Database Constraints"],"duration":0,"failureDetails":[],"failureMessages":[],"fullName":"V3 Database Models Database Constraints should enforce unique constraints","invocations":1,"location":null,"numPassingAsserts":1,"retryReasons":[],"status":"passed","title":"should enforce unique constraints"},{"ancestorTitles":["V3 Database Models","Database Constraints"],"duration":1,"failureDetails":[],"failureMessages":[],"fullName":"V3 Database Models Database Constraints should enforce check constraints","invocations":1,"location":null,"numPassingAsserts":3,"retryReasons":[],"status":"passed","title":"should enforce check constraints"}],"endTime":1758342119753,"message":"","name":"/mnt/e/vibe/athlete-ally-original/packages/contracts/__tests__/v3-database-models.test.ts","startTime":1758342101373,"status":"passed","summary":""},{"assertionResults":[{"ancestorTitles":["V3 API Endpoints","Weekly Review API","POST /api/v3/weekly-review"],"duration":142,"failureDetails":[],"failureMessages":[],"fullName":"V3 API Endpoints Weekly Review API POST /api/v3/weekly-review should validate create weekly review request","invocations":1,"location":null,"numPassingAsserts":1,"retryReasons":[],"status":"passed","title":"should validate create weekly review request"},{"ancestorTitles":["V3 API Endpoints","Weekly Review API","POST /api/v3/weekly-review"],"duration":2,"failureDetails":[],"failureMessages":[],"fullName":"V3 API Endpoints Weekly Review API POST /api/v3/weekly-review should validate core lift data structure","invocations":1,"location":null,"numPassingAsserts":1,"retryReasons":[],"status":"passed","title":"should validate core lift data structure"},{"ancestorTitles":["V3 API Endpoints","Weekly Review API","GET /api/v3/weekly-review/:reviewId"],"duration":1,"failureDetails":[],"failureMessages":[],"fullName":"V3 API Endpoints Weekly Review API GET /api/v3/weekly-review/:reviewId should validate weekly review response structure","invocations":1,"location":null,"numPassingAsserts":1,"retryReasons":[],"status":"passed","title":"should validate weekly review response structure"},{"ancestorTitles":["V3 API Endpoints","Weekly Review API","PUT /api/v3/weekly-review/:reviewId/apply"],"duration":1,"failureDetails":[],"failureMessages":[],"fullName":"V3 API Endpoints Weekly Review API PUT /api/v3/weekly-review/:reviewId/apply should validate apply adjustments request","invocations":1,"location":null,"numPassingAsserts":1,"retryReasons":[],"status":"passed","title":"should validate apply adjustments request"},{"ancestorTitles":["V3 API Endpoints","Progress Signal API","GET /api/v3/progress/:userId"],"duration":1,"failureDetails":[],"failureMessages":[],"fullName":"V3 API Endpoints Progress Signal API GET /api/v3/progress/:userId should validate progress response structure","invocations":1,"location":null,"numPassingAsserts":1,"retryReasons":[],"status":"passed","title":"should validate progress response structure"},{"ancestorTitles":["V3 API Endpoints","Progress Signal API","GET /api/v3/progress/:userId"],"duration":1,"failureDetails":[],"failureMessages":[],"fullName":"V3 API Endpoints Progress Signal API GET /api/v3/progress/:userId should validate weekly data structure","invocations":1,"location":null,"numPassingAsserts":1,"retryReasons":[],"status":"passed","title":"should validate weekly data structure"},{"ancestorTitles":["V3 API Endpoints","Recovery Notification API","POST /api/v3/recovery-notification/trigger"],"duration":1,"failureDetails":[],"failureMessages":[],"fullName":"V3 API Endpoints Recovery Notification API POST /api/v3/recovery-notification/trigger should validate trigger notification request","invocations":1,"location":null,"numPassingAsserts":1,"retryReasons":[],"status":"passed","title":"should validate trigger notification request"},{"ancestorTitles":["V3 API Endpoints","Recovery Notification API","GET /api/v3/recovery-notification/:userId"],"duration":1,"failureDetails":[],"failureMessages":[],"fullName":"V3 API Endpoints Recovery Notification API GET /api/v3/recovery-notification/:userId should validate notification response structure","invocations":1,"location":null,"numPassingAsserts":1,"retryReasons":[],"status":"passed","title":"should validate notification response structure"},{"ancestorTitles":["V3 API Endpoints","API Error Handling"],"duration":1,"failureDetails":[],"failureMessages":[],"fullName":"V3 API Endpoints API Error Handling should validate error response structure","invocations":1,"location":null,"numPassingAsserts":1,"retryReasons":[],"status":"passed","title":"should validate error response structure"},{"ancestorTitles":["V3 API Endpoints","API Error Handling"],"duration":3,"failureDetails":[],"failureMessages":[],"fullName":"V3 API Endpoints API Error Handling should validate common error codes","invocations":1,"location":null,"numPassingAsserts":6,"retryReasons":[],"status":"passed","title":"should validate common error codes"},{"ancestorTitles":["V3 API Endpoints","API Rate Limiting"],"duration":1,"failureDetails":[],"failureMessages":[],"fullName":"V3 API Endpoints API Rate Limiting should validate rate limit headers","invocations":1,"location":null,"numPassingAsserts":1,"retryReasons":[],"status":"passed","title":"should validate rate limit headers"},{"ancestorTitles":["V3 API Endpoints","API Authentication"],"duration":1,"failureDetails":[],"failureMessages":[],"fullName":"V3 API Endpoints API Authentication should validate authentication headers","invocations":1,"location":null,"numPassingAsserts":1,"retryReasons":[],"status":"passed","title":"should validate authentication headers"}],"endTime":1758342119754,"message":"","name":"/mnt/e/vibe/athlete-ally-original/packages/contracts/__tests__/v3-api-endpoints.test.ts","startTime":1758342101371,"status":"passed","summary":""},{"assertionResults":[{"ancestorTitles":["V3 Adaptive Engine Contracts","Weekly Review Data Contract"],"duration":289,"failureDetails":[],"failureMessages":[],"fullName":"V3 Adaptive Engine Contracts Weekly Review Data Contract should validate weekly review data structure","invocations":1,"location":null,"numPassingAsserts":1,"retryReasons":[],"status":"passed","title":"should validate weekly review data structure"},{"ancestorTitles":["V3 Adaptive Engine Contracts","Weekly Review Data Contract"],"duration":1,"failureDetails":[],"failureMessages":[],"fullName":"V3 Adaptive Engine Contracts Weekly Review Data Contract should validate RPE range constraints","invocations":1,"location":null,"numPassingAsserts":3,"retryReasons":[],"status":"passed","title":"should validate RPE range constraints"},{"ancestorTitles":["V3 Adaptive Engine Contracts","Weekly Review Data Contract"],"duration":1,"failureDetails":[],"failureMessages":[],"fullName":"V3 Adaptive Engine Contracts Weekly Review Data Contract should validate consecutive weeks counters","invocations":1,"location":null,"numPassingAsserts":2,"retryReasons":[],"status":"passed","title":"should validate consecutive weeks counters"},{"ancestorTitles":["V3 Adaptive Engine Contracts","Adaptive Adjustment Contract"],"duration":1,"failureDetails":[],"failureMessages":[],"fullName":"V3 Adaptive Engine Contracts Adaptive Adjustment Contract should validate adjustment structure","invocations":1,"location":null,"numPassingAsserts":1,"retryReasons":[],"status":"passed","title":"should validate adjustment structure"},{"ancestorTitles":["V3 Adaptive Engine Contracts","Adaptive Adjustment Contract"],"duration":1,"failureDetails":[],"failureMessages":[],"fullName":"V3 Adaptive Engine Contracts Adaptive Adjustment Contract should validate percentage change constraints","invocations":1,"location":null,"numPassingAsserts":2,"retryReasons":[],"status":"passed","title":"should validate percentage change constraints"},{"ancestorTitles":["V3 Adaptive Engine Contracts","Progress Signal Contract"],"duration":0,"failureDetails":[],"failureMessages":[],"fullName":"V3 Adaptive Engine Contracts Progress Signal Contract should validate progress data structure","invocations":1,"location":null,"numPassingAsserts":1,"retryReasons":[],"status":"passed","title":"should validate progress data structure"},{"ancestorTitles":["V3 Adaptive Engine Contracts","Recovery Notification Contract"],"duration":1,"failureDetails":[],"failureMessages":[],"fullName":"V3 Adaptive Engine Contracts Recovery Notification Contract should validate recovery notification structure","invocations":1,"location":null,"numPassingAsserts":1,"retryReasons":[],"status":"passed","title":"should validate recovery notification structure"},{"ancestorTitles":["V3 Adaptive Engine Contracts","Recovery Notification Contract"],"duration":0,"failureDetails":[],"failureMessages":[],"fullName":"V3 Adaptive Engine Contracts Recovery Notification Contract should validate trigger value constraints","invocations":1,"location":null,"numPassingAsserts":2,"retryReasons":[],"status":"passed","title":"should validate trigger value constraints"}],"endTime":1758342129985,"message":"","name":"/mnt/e/vibe/athlete-ally-original/packages/contracts/__tests__/v3-adaptive-engine.test.ts","startTime":1758342102680,"status":"passed","summary":""},{"assertionResults":[{"ancestorTitles":["V3 Integration Tests","End-to-End Weekly Review Flow"],"duration":364,"failureDetails":[],"failureMessages":[],"fullName":"V3 Integration Tests End-to-End Weekly Review Flow should complete full weekly review workflow","invocations":1,"location":null,"numPassingAsserts":7,"retryReasons":[],"status":"passed","title":"should complete full weekly review workflow"},{"ancestorTitles":["V3 Integration Tests","Progress Signal Generation Flow"],"duration":1,"failureDetails":[],"failureMessages":[],"fullName":"V3 Integration Tests Progress Signal Generation Flow should generate progress signals correctly","invocations":1,"location":null,"numPassingAsserts":3,"retryReasons":[],"status":"passed","title":"should generate progress signals correctly"},{"ancestorTitles":["V3 Integration Tests","Recovery Notification Flow"],"duration":1,"failureDetails":[],"failureMessages":[],"fullName":"V3 Integration Tests Recovery Notification Flow should trigger and deliver recovery notifications","invocations":1,"location":null,"numPassingAsserts":5,"retryReasons":[],"status":"passed","title":"should trigger and deliver recovery notifications"},{"ancestorTitles":["V3 Integration Tests","Cross-Service Communication"],"duration":0,"failureDetails":[],"failureMessages":[],"fullName":"V3 Integration Tests Cross-Service Communication should handle service-to-service communication","invocations":1,"location":null,"numPassingAsserts":2,"retryReasons":[],"status":"passed","title":"should handle service-to-service communication"},{"ancestorTitles":["V3 Integration Tests","Data Consistency"],"duration":2,"failureDetails":[],"failureMessages":[],"fullName":"V3 Integration Tests Data Consistency should maintain data consistency across services","invocations":1,"location":null,"numPassingAsserts":2,"retryReasons":[],"status":"passed","title":"should maintain data consistency across services"},{"ancestorTitles":["V3 Integration Tests","Error Handling and Recovery"],"duration":1,"failureDetails":[],"failureMessages":[],"fullName":"V3 Integration Tests Error Handling and Recovery should handle service failures gracefully","invocations":1,"location":null,"numPassingAsserts":2,"retryReasons":[],"status":"passed","title":"should handle service failures gracefully"},{"ancestorTitles":["V3 Integration Tests","Error Handling and Recovery"],"duration":1,"failureDetails":[],"failureMessages":[],"fullName":"V3 Integration Tests Error Handling and Recovery should retry failed operations","invocations":1,"location":null,"numPassingAsserts":2,"retryReasons":[],"status":"passed","title":"should retry failed operations"},{"ancestorTitles":["V3 Integration Tests","Performance and Load Testing"],"duration":1,"failureDetails":[],"failureMessages":[],"fullName":"V3 Integration Tests Performance and Load Testing should handle concurrent requests","invocations":1,"location":null,"numPassingAsserts":10,"retryReasons":[],"status":"passed","title":"should handle concurrent requests"},{"ancestorTitles":["V3 Integration Tests","Performance and Load Testing"],"duration":2,"failureDetails":[],"failureMessages":[],"fullName":"V3 Integration Tests Performance and Load Testing should maintain performance under load","invocations":1,"location":null,"numPassingAsserts":1,"retryReasons":[],"status":"passed","title":"should maintain performance under load"}],"endTime":1758342131745,"message":"","name":"/mnt/e/vibe/athlete-ally-original/packages/contracts/__tests__/v3-integration.test.ts","startTime":1758342102053,"status":"passed","summary":""},{"assertionResults":[{"ancestorTitles":["Environment Integration Tests","Service Health Checks"],"duration":null,"failureDetails":[],"failureMessages":[],"fullName":"Environment Integration Tests Service Health Checks should start all services successfully","invocations":1,"location":null,"numPassingAsserts":0,"retryReasons":[],"status":"pending","title":"should start all services successfully"},{"ancestorTitles":["Environment Integration Tests","Service Health Checks"],"duration":null,"failureDetails":[],"failureMessages":[],"fullName":"Environment Integration Tests Service Health Checks should have healthy frontend service","invocations":1,"location":null,"numPassingAsserts":0,"retryReasons":[],"status":"pending","title":"should have healthy frontend service"},{"ancestorTitles":["Environment Integration Tests","Service Health Checks"],"duration":null,"failureDetails":[],"failureMessages":[],"fullName":"Environment Integration Tests Service Health Checks should have healthy gateway BFF service","invocations":1,"location":null,"numPassingAsserts":0,"retryReasons":[],"status":"pending","title":"should have healthy gateway BFF service"},{"ancestorTitles":["Environment Integration Tests","API Communication"],"duration":null,"failureDetails":[],"failureMessages":[],"fullName":"Environment Integration Tests API Communication should handle service communication","invocations":1,"location":null,"numPassingAsserts":0,"retryReasons":[],"status":"pending","title":"should handle service communication"},{"ancestorTitles":["Environment Integration Tests","API Communication"],"duration":null,"failureDetails":[],"failureMessages":[],"fullName":"Environment Integration Tests API Communication should proxy API requests correctly","invocations":1,"location":null,"numPassingAsserts":0,"retryReasons":[],"status":"pending","title":"should proxy API requests correctly"},{"ancestorTitles":["Environment Integration Tests","Environment Configuration"],"duration":null,"failureDetails":[],"failureMessages":[],"fullName":"Environment Integration Tests Environment Configuration should have required environment variables","invocations":1,"location":null,"numPassingAsserts":0,"retryReasons":[],"status":"pending","title":"should have required environment variables"},{"ancestorTitles":["Environment Integration Tests","Environment Configuration"],"duration":null,"failureDetails":[],"failureMessages":[],"fullName":"Environment Integration Tests Environment Configuration should have correct service URLs","invocations":1,"location":null,"numPassingAsserts":0,"retryReasons":[],"status":"pending","title":"should have correct service URLs"},{"ancestorTitles":["Environment Integration Tests","Performance Tests"],"duration":null,"failureDetails":[],"failureMessages":[],"fullName":"Environment Integration Tests Performance Tests should respond within acceptable time limits","invocations":1,"location":null,"numPassingAsserts":0,"retryReasons":[],"status":"pending","title":"should respond within acceptable time limits"},{"ancestorTitles":["Environment Integration Tests","Performance Tests"],"duration":null,"failureDetails":[],"failureMessages":[],"fullName":"Environment Integration Tests Performance Tests should handle concurrent requests","invocations":1,"location":null,"numPassingAsserts":0,"retryReasons":[],"status":"pending","title":"should handle concurrent requests"},{"ancestorTitles":["Environment Integration Tests","Error Handling"],"duration":null,"failureDetails":[],"failureMessages":[],"fullName":"Environment Integration Tests Error Handling should handle invalid endpoints gracefully","invocations":1,"location":null,"numPassingAsserts":0,"retryReasons":[],"status":"pending","title":"should handle invalid endpoints gracefully"},{"ancestorTitles":["Environment Integration Tests","Error Handling"],"duration":null,"failureDetails":[],"failureMessages":[],"fullName":"Environment Integration Tests Error Handling should handle malformed requests","invocations":1,"location":null,"numPassingAsserts":0,"retryReasons":[],"status":"pending","title":"should handle malformed requests"}],"coverage":{},"endTime":1758342246596,"message":"","name":"/mnt/e/vibe/athlete-ally-original/apps/frontend/tests/integration/environment.test.ts","startTime":1758342246596,"status":"skipped","summary":""},{"assertionResults":[{"ancestorTitles":["Edge Cases & Regression"],"duration":3,"failureDetails":[],"failureMessages":[],"fullName":"Edge Cases & Regression simulateServiceFailure should surface error status and message","invocations":1,"location":null,"numPassingAsserts":3,"retryReasons":[],"status":"passed","title":"simulateServiceFailure should surface error status and message"},{"ancestorTitles":["Edge Cases & Regression"],"duration":1,"failureDetails":[],"failureMessages":[],"fullName":"Edge Cases & Regression simulateRetryOperation should not exceed max retries (sanity)","invocations":1,"location":null,"numPassingAsserts":3,"retryReasons":[],"status":"passed","title":"simulateRetryOperation should not exceed max retries (sanity)"},{"ancestorTitles":["Edge Cases & Regression"],"duration":2,"failureDetails":[],"failureMessages":[],"fullName":"Edge Cases & Regression should reject malformed progress data (missing fields)","invocations":1,"location":null,"numPassingAsserts":1,"retryReasons":[],"status":"passed","title":"should reject malformed progress data (missing fields)"},{"ancestorTitles":["Edge Cases & Regression"],"duration":1,"failureDetails":[],"failureMessages":[],"fullName":"Edge Cases & Regression should accept empty notifications list and validate items when present","invocations":1,"location":null,"numPassingAsserts":2,"retryReasons":[],"status":"passed","title":"should accept empty notifications list and validate items when present"},{"ancestorTitles":["Edge Cases & Regression"],"duration":2,"failureDetails":[],"failureMessages":[],"fullName":"Edge Cases & Regression progress endpoint mock should parse valid response","invocations":1,"location":null,"numPassingAsserts":2,"retryReasons":[],"status":"passed","title":"progress endpoint mock should parse valid response"}],"endTime":1758342144506,"message":"","name":"/mnt/e/vibe/athlete-ally-original/packages/contracts/__tests__/edge-cases.test.ts","startTime":1758342130020,"status":"passed","summary":""},{"assertionResults":[{"ancestorTitles":["Protocol Types Package Smoke Tests","Test Utils Integration"],"duration":285,"failureDetails":[],"failureMessages":[],"fullName":"Protocol Types Package Smoke Tests Test Utils Integration should handle successful protocol operations","invocations":1,"location":null,"numPassingAsserts":2,"retryReasons":[],"status":"passed","title":"should handle successful protocol operations"},{"ancestorTitles":["Protocol Types Package Smoke Tests","Test Utils Integration"],"duration":2,"failureDetails":[],"failureMessages":[],"fullName":"Protocol Types Package Smoke Tests Test Utils Integration should handle protocol errors","invocations":1,"location":null,"numPassingAsserts":2,"retryReasons":[],"status":"passed","title":"should handle protocol errors"},{"ancestorTitles":["Protocol Types Package Smoke Tests","Test Utils Integration"],"duration":0,"failureDetails":[],"failureMessages":[],"fullName":"Protocol Types Package Smoke Tests Test Utils Integration should unwrap protocol data","invocations":1,"location":null,"numPassingAsserts":1,"retryReasons":[],"status":"passed","title":"should unwrap protocol data"},{"ancestorTitles":["Protocol Types Package Smoke Tests","Protocol Schema Validation"],"duration":2,"failureDetails":[],"failureMessages":[],"fullName":"Protocol Types Package Smoke Tests Protocol Schema Validation should validate standard protocol","invocations":1,"location":null,"numPassingAsserts":3,"retryReasons":[],"status":"passed","title":"should validate standard protocol"},{"ancestorTitles":["Protocol Types Package Smoke Tests","Protocol Schema Validation"],"duration":1,"failureDetails":[],"failureMessages":[],"fullName":"Protocol Types Package Smoke Tests Protocol Schema Validation should validate top set AMRAP protocol","invocations":1,"location":null,"numPassingAsserts":1,"retryReasons":[],"status":"passed","title":"should validate top set AMRAP protocol"},{"ancestorTitles":["Protocol Types Package Smoke Tests","Protocol Schema Validation"],"duration":1,"failureDetails":[],"failureMessages":[],"fullName":"Protocol Types Package Smoke Tests Protocol Schema Validation should validate max strength test protocol","invocations":1,"location":null,"numPassingAsserts":1,"retryReasons":[],"status":"passed","title":"should validate max strength test protocol"},{"ancestorTitles":["Protocol Types Package Smoke Tests","Block Schema Validation"],"duration":1,"failureDetails":[],"failureMessages":[],"fullName":"Protocol Types Package Smoke Tests Block Schema Validation should validate training block","invocations":1,"location":null,"numPassingAsserts":3,"retryReasons":[],"status":"passed","title":"should validate training block"},{"ancestorTitles":["Protocol Types Package Smoke Tests","Block Schema Validation"],"duration":1,"failureDetails":[],"failureMessages":[],"fullName":"Protocol Types Package Smoke Tests Block Schema Validation should reject invalid block data","invocations":1,"location":null,"numPassingAsserts":1,"retryReasons":[],"status":"passed","title":"should reject invalid block data"},{"ancestorTitles":["Protocol Types Package Smoke Tests","Package Integration"],"duration":187,"failureDetails":[],"failureMessages":[],"fullName":"Protocol Types Package Smoke Tests Package Integration should export protocol types","invocations":1,"location":null,"numPassingAsserts":1,"retryReasons":[],"status":"passed","title":"should export protocol types"},{"ancestorTitles":["Protocol Types Package Smoke Tests","Package Integration"],"duration":1,"failureDetails":[],"failureMessages":[],"fullName":"Protocol Types Package Smoke Tests Package Integration should handle protocol operations with test utils","invocations":1,"location":null,"numPassingAsserts":2,"retryReasons":[],"status":"passed","title":"should handle protocol operations with test utils"},{"ancestorTitles":["Protocol Types Package Smoke Tests","Package Integration"],"duration":1,"failureDetails":[],"failureMessages":[],"fullName":"Protocol Types Package Smoke Tests Package Integration should handle complex protocol structures","invocations":1,"location":null,"numPassingAsserts":2,"retryReasons":[],"status":"passed","title":"should handle complex protocol structures"},{"ancestorTitles":["Protocol Types Package Smoke Tests","Error Handling"],"duration":1,"failureDetails":[],"failureMessages":[],"fullName":"Protocol Types Package Smoke Tests Error Handling should handle protocol validation errors","invocations":1,"location":null,"numPassingAsserts":2,"retryReasons":[],"status":"passed","title":"should handle protocol validation errors"},{"ancestorTitles":["Protocol Types Package Smoke Tests","Error Handling"],"duration":12,"failureDetails":[],"failureMessages":[],"fullName":"Protocol Types Package Smoke Tests Error Handling should handle async protocol operations","invocations":1,"location":null,"numPassingAsserts":2,"retryReasons":[],"status":"passed","title":"should handle async protocol operations"}],"endTime":1758342144832,"message":"","name":"/mnt/e/vibe/athlete-ally-original/packages/protocol-types/__tests__/smoke.test.ts","startTime":1758342103101,"status":"passed","summary":""},{"assertionResults":[{"ancestorTitles":["API Integration Tests","健康检查API"],"duration":null,"failureDetails":[],"failureMessages":[],"fullName":"API Integration Tests 健康检查API 应该返回健康状态","invocations":1,"location":null,"numPassingAsserts":0,"retryReasons":[],"status":"pending","title":"应该返回健康状态"},{"ancestorTitles":["API Integration Tests","训练计划生成API"],"duration":null,"failureDetails":[],"failureMessages":[],"fullName":"API Integration Tests 训练计划生成API 应该成功生成训练计划","invocations":1,"location":null,"numPassingAsserts":0,"retryReasons":[],"status":"pending","title":"应该成功生成训练计划"},{"ancestorTitles":["API Integration Tests","训练计划生成API"],"duration":null,"failureDetails":[],"failureMessages":[],"fullName":"API Integration Tests 训练计划生成API 应该处理无效的用户输入","invocations":1,"location":null,"numPassingAsserts":0,"retryReasons":[],"status":"pending","title":"应该处理无效的用户输入"},{"ancestorTitles":["API Integration Tests","RPE反馈收集API"],"duration":null,"failureDetails":[],"failureMessages":[],"fullName":"API Integration Tests RPE反馈收集API 应该成功收集RPE反馈","invocations":1,"location":null,"numPassingAsserts":0,"retryReasons":[],"status":"pending","title":"应该成功收集RPE反馈"},{"ancestorTitles":["API Integration Tests","RPE反馈收集API"],"duration":null,"failureDetails":[],"failureMessages":[],"fullName":"API Integration Tests RPE反馈收集API 应该处理无效的RPE值","invocations":1,"location":null,"numPassingAsserts":0,"retryReasons":[],"status":"pending","title":"应该处理无效的RPE值"},{"ancestorTitles":["API Integration Tests","性能指标收集API"],"duration":null,"failureDetails":[],"failureMessages":[],"fullName":"API Integration Tests 性能指标收集API 应该成功收集性能指标","invocations":1,"location":null,"numPassingAsserts":0,"retryReasons":[],"status":"pending","title":"应该成功收集性能指标"},{"ancestorTitles":["API Integration Tests","性能指标收集API"],"duration":null,"failureDetails":[],"failureMessages":[],"fullName":"API Integration Tests 性能指标收集API 应该处理无效的性能指标","invocations":1,"location":null,"numPassingAsserts":0,"retryReasons":[],"status":"pending","title":"应该处理无效的性能指标"},{"ancestorTitles":["API Integration Tests","适应性调整API"],"duration":null,"failureDetails":[],"failureMessages":[],"fullName":"API Integration Tests 适应性调整API 应该成功获取适应性调整","invocations":1,"location":null,"numPassingAsserts":0,"retryReasons":[],"status":"pending","title":"应该成功获取适应性调整"},{"ancestorTitles":["API Integration Tests","API文档和监控端点"],"duration":null,"failureDetails":[],"failureMessages":[],"fullName":"API Integration Tests API文档和监控端点 应该提供API文档","invocations":1,"location":null,"numPassingAsserts":0,"retryReasons":[],"status":"pending","title":"应该提供API文档"},{"ancestorTitles":["API Integration Tests","API文档和监控端点"],"duration":null,"failureDetails":[],"failureMessages":[],"fullName":"API Integration Tests API文档和监控端点 应该提供监控指标","invocations":1,"location":null,"numPassingAsserts":0,"retryReasons":[],"status":"pending","title":"应该提供监控指标"},{"ancestorTitles":["API Integration Tests","端到端API流程测试"],"duration":null,"failureDetails":[],"failureMessages":[],"fullName":"API Integration Tests 端到端API流程测试 应该完成完整的训练计划流程","invocations":1,"location":null,"numPassingAsserts":0,"retryReasons":[],"status":"pending","title":"应该完成完整的训练计划流程"},{"ancestorTitles":["API Integration Tests","错误处理测试"],"duration":null,"failureDetails":[],"failureMessages":[],"fullName":"API Integration Tests 错误处理测试 应该优雅处理网络错误","invocations":1,"location":null,"numPassingAsserts":0,"retryReasons":[],"status":"pending","title":"应该优雅处理网络错误"},{"ancestorTitles":["API Integration Tests","错误处理测试"],"duration":null,"failureDetails":[],"failureMessages":[],"fullName":"API Integration Tests 错误处理测试 应该优雅处理服务器错误","invocations":1,"location":null,"numPassingAsserts":0,"retryReasons":[],"status":"pending","title":"应该优雅处理服务器错误"},{"ancestorTitles":["API Integration Tests","性能测试"],"duration":null,"failureDetails":[],"failureMessages":[],"fullName":"API Integration Tests 性能测试 API响应时间应该在合理范围内","invocations":1,"location":null,"numPassingAsserts":0,"retryReasons":[],"status":"pending","title":"API响应时间应该在合理范围内"},{"ancestorTitles":["API Integration Tests","性能测试"],"duration":null,"failureDetails":[],"failureMessages":[],"fullName":"API Integration Tests 性能测试 并发请求应该正常工作","invocations":1,"location":null,"numPassingAsserts":0,"retryReasons":[],"status":"pending","title":"并发请求应该正常工作"}],"coverage":{},"endTime":1758342246596,"message":"","name":"/mnt/e/vibe/athlete-ally-original/apps/frontend/src/__tests__/integration/api-integration.test.ts","startTime":1758342246596,"status":"skipped","summary":""},{"assertionResults":[{"ancestorTitles":["Progress Endpoint Shape Lock"],"duration":7,"failureDetails":[],"failureMessages":[],"fullName":"Progress Endpoint Shape Lock should return weeklyData with correct shape","invocations":1,"location":null,"numPassingAsserts":9,"retryReasons":[],"status":"passed","title":"should return weeklyData with correct shape"}],"endTime":1758342147632,"message":"","name":"/mnt/e/vibe/athlete-ally-original/packages/contracts/__tests__/progress-endpoint.test.ts","startTime":1758342144538,"status":"passed","summary":""},{"assertionResults":[{"ancestorTitles":["Shared Package Smoke Tests","Test Utils Integration"],"duration":278,"failureDetails":[],"failureMessages":[],"fullName":"Shared Package Smoke Tests Test Utils Integration should handle successful operations","invocations":1,"location":null,"numPassingAsserts":2,"retryReasons":[],"status":"passed","title":"should handle successful operations"},{"ancestorTitles":["Shared Package Smoke Tests","Test Utils Integration"],"duration":0,"failureDetails":[],"failureMessages":[],"fullName":"Shared Package Smoke Tests Test Utils Integration should handle error operations","invocations":1,"location":null,"numPassingAsserts":2,"retryReasons":[],"status":"passed","title":"should handle error operations"},{"ancestorTitles":["Shared Package Smoke Tests","Test Utils Integration"],"duration":1,"failureDetails":[],"failureMessages":[],"fullName":"Shared Package Smoke Tests Test Utils Integration should unwrap data correctly","invocations":1,"location":null,"numPassingAsserts":1,"retryReasons":[],"status":"passed","title":"should unwrap data correctly"},{"ancestorTitles":["Shared Package Smoke Tests","Schema Validation"],"duration":1,"failureDetails":[],"failureMessages":[],"fullName":"Shared Package Smoke Tests Schema Validation should validate user data","invocations":1,"location":null,"numPassingAsserts":3,"retryReasons":[],"status":"passed","title":"should validate user data"},{"ancestorTitles":["Shared Package Smoke Tests","Schema Validation"],"duration":2,"failureDetails":[],"failureMessages":[],"fullName":"Shared Package Smoke Tests Schema Validation should reject invalid user data","invocations":1,"location":null,"numPassingAsserts":1,"retryReasons":[],"status":"passed","title":"should reject invalid user data"},{"ancestorTitles":["Shared Package Smoke Tests","Schema Validation"],"duration":0,"failureDetails":[],"failureMessages":[],"fullName":"Shared Package Smoke Tests Schema Validation should validate config data","invocations":1,"location":null,"numPassingAsserts":1,"retryReasons":[],"status":"passed","title":"should validate config data"},{"ancestorTitles":["Shared Package Smoke Tests","Package Exports"],"duration":5807,"failureDetails":[],"failureMessages":[],"fullName":"Shared Package Smoke Tests Package Exports should export JWT functionality","invocations":1,"location":null,"numPassingAsserts":2,"retryReasons":[],"status":"passed","title":"should export JWT functionality"},{"ancestorTitles":["Shared Package Smoke Tests","Package Exports"],"duration":223,"failureDetails":[],"failureMessages":[],"fullName":"Shared Package Smoke Tests Package Exports should export logger functionality","invocations":1,"location":null,"numPassingAsserts":1,"retryReasons":[],"status":"passed","title":"should export logger functionality"},{"ancestorTitles":["Shared Package Smoke Tests","Package Exports"],"duration":183,"failureDetails":[],"failureMessages":[],"fullName":"Shared Package Smoke Tests Package Exports should export security utilities","invocations":1,"location":null,"numPassingAsserts":1,"retryReasons":[],"status":"passed","title":"should export security utilities"},{"ancestorTitles":["Shared Package Smoke Tests","Error Handling"],"duration":1,"failureDetails":[],"failureMessages":[],"fullName":"Shared Package Smoke Tests Error Handling should handle async errors gracefully","invocations":1,"location":null,"numPassingAsserts":2,"retryReasons":[],"status":"passed","title":"should handle async errors gracefully"},{"ancestorTitles":["Shared Package Smoke Tests","Error Handling"],"duration":1,"failureDetails":[],"failureMessages":[],"fullName":"Shared Package Smoke Tests Error Handling should create error responses for failed operations","invocations":1,"location":null,"numPassingAsserts":2,"retryReasons":[],"status":"passed","title":"should create error responses for failed operations"}],"endTime":1758342155842,"message":"","name":"/mnt/e/vibe/athlete-ally-original/packages/shared/__tests__/smoke.test.ts","startTime":1758342101913,"status":"passed","summary":""},{"assertionResults":[{"ancestorTitles":["Shared Types Package Smoke Tests","Test Utils Integration"],"duration":269,"failureDetails":[],"failureMessages":[],"fullName":"Shared Types Package Smoke Tests Test Utils Integration should handle successful API responses","invocations":1,"location":null,"numPassingAsserts":2,"retryReasons":[],"status":"passed","title":"should handle successful API responses"},{"ancestorTitles":["Shared Types Package Smoke Tests","Test Utils Integration"],"duration":1,"failureDetails":[],"failureMessages":[],"fullName":"Shared Types Package Smoke Tests Test Utils Integration should handle error API responses","invocations":1,"location":null,"numPassingAsserts":2,"retryReasons":[],"status":"passed","title":"should handle error API responses"},{"ancestorTitles":["Shared Types Package Smoke Tests","Test Utils Integration"],"duration":0,"failureDetails":[],"failureMessages":[],"fullName":"Shared Types Package Smoke Tests Test Utils Integration should unwrap successful responses","invocations":1,"location":null,"numPassingAsserts":1,"retryReasons":[],"status":"passed","title":"should unwrap successful responses"},{"ancestorTitles":["Shared Types Package Smoke Tests","Schema Validation"],"duration":2,"failureDetails":[],"failureMessages":[],"fullName":"Shared Types Package Smoke Tests Schema Validation should validate onboarding payload","invocations":1,"location":null,"numPassingAsserts":3,"retryReasons":[],"status":"passed","title":"should validate onboarding payload"},{"ancestorTitles":["Shared Types Package Smoke Tests","Schema Validation"],"duration":2,"failureDetails":[],"failureMessages":[],"fullName":"Shared Types Package Smoke Tests Schema Validation should validate RPE feedback","invocations":1,"location":null,"numPassingAsserts":3,"retryReasons":[],"status":"passed","title":"should validate RPE feedback"},{"ancestorTitles":["Shared Types Package Smoke Tests","Schema Validation"],"duration":2,"failureDetails":[],"failureMessages":[],"fullName":"Shared Types Package Smoke Tests Schema Validation should validate performance metrics","invocations":1,"location":null,"numPassingAsserts":1,"retryReasons":[],"status":"passed","title":"should validate performance metrics"},{"ancestorTitles":["Shared Types Package Smoke Tests","Schema Validation"],"duration":3,"failureDetails":[],"failureMessages":[],"fullName":"Shared Types Package Smoke Tests Schema Validation should validate enhanced plan generation request","invocations":1,"location":null,"numPassingAsserts":1,"retryReasons":[],"status":"passed","title":"should validate enhanced plan generation request"},{"ancestorTitles":["Shared Types Package Smoke Tests","Schema Rejection"],"duration":3,"failureDetails":[],"failureMessages":[],"fullName":"Shared Types Package Smoke Tests Schema Rejection should reject invalid onboarding data","invocations":1,"location":null,"numPassingAsserts":1,"retryReasons":[],"status":"passed","title":"should reject invalid onboarding data"},{"ancestorTitles":["Shared Types Package Smoke Tests","Schema Rejection"],"duration":1,"failureDetails":[],"failureMessages":[],"fullName":"Shared Types Package Smoke Tests Schema Rejection should reject invalid RPE data","invocations":1,"location":null,"numPassingAsserts":1,"retryReasons":[],"status":"passed","title":"should reject invalid RPE data"},{"ancestorTitles":["Shared Types Package Smoke Tests","Package Integration"],"duration":1,"failureDetails":[],"failureMessages":[],"fullName":"Shared Types Package Smoke Tests Package Integration should export all schemas","invocations":1,"location":null,"numPassingAsserts":4,"retryReasons":[],"status":"passed","title":"should export all schemas"},{"ancestorTitles":["Shared Types Package Smoke Tests","Package Integration"],"duration":0,"failureDetails":[],"failureMessages":[],"fullName":"Shared Types Package Smoke Tests Package Integration should handle complex nested validation","invocations":1,"location":null,"numPassingAsserts":2,"retryReasons":[],"status":"passed","title":"should handle complex nested validation"}],"endTime":1758342156131,"message":"","name":"/mnt/e/vibe/athlete-ally-original/packages/shared-types/__tests__/smoke.test.ts","startTime":1758342108679,"status":"passed","summary":""},{"assertionResults":[{"ancestorTitles":["V3ProtocolEngine","RPE 觸發決策器測試","場景 A: 常規訓練 (STANDARD 協議)"],"duration":248,"failureDetails":[],"failureMessages":[],"fullName":"V3ProtocolEngine RPE 觸發決策器測試 場景 A: 常規訓練 (STANDARD 協議) 應該在核心動作的最後一組觸發 RPE","invocations":1,"location":null,"numPassingAsserts":4,"retryReasons":[],"status":"passed","title":"應該在核心動作的最後一組觸發 RPE"},{"ancestorTitles":["V3ProtocolEngine","RPE 觸發決策器測試","場景 A: 常規訓練 (STANDARD 協議)"],"duration":1,"failureDetails":[],"failureMessages":[],"fullName":"V3ProtocolEngine RPE 觸發決策器測試 場景 A: 常規訓練 (STANDARD 協議) 不應該在核心動作的非最後一組觸發 RPE","invocations":1,"location":null,"numPassingAsserts":2,"retryReasons":[],"status":"passed","title":"不應該在核心動作的非最後一組觸發 RPE"},{"ancestorTitles":["V3ProtocolEngine","RPE 觸發決策器測試","場景 A: 常規訓練 (STANDARD 協議)"],"duration":1,"failureDetails":[],"failureMessages":[],"fullName":"V3ProtocolEngine RPE 觸發決策器測試 場景 A: 常規訓練 (STANDARD 協議) 不應該在輔助動作觸發 RPE","invocations":1,"location":null,"numPassingAsserts":2,"retryReasons":[],"status":"passed","title":"不應該在輔助動作觸發 RPE"},{"ancestorTitles":["V3ProtocolEngine","RPE 觸發決策器測試","場景 A: 常規訓練 (STANDARD 協議)"],"duration":1,"failureDetails":[],"failureMessages":[],"fullName":"V3ProtocolEngine RPE 觸發決策器測試 場景 A: 常規訓練 (STANDARD 協議) 不應該在非核心動作類型觸發 RPE","invocations":1,"location":null,"numPassingAsserts":2,"retryReasons":[],"status":"passed","title":"不應該在非核心動作類型觸發 RPE"},{"ancestorTitles":["V3ProtocolEngine","RPE 觸發決策器測試","場景 B: 頂峰組訓練 (TOP_SET_AMRAP 協議)"],"duration":1,"failureDetails":[],"failureMessages":[],"fullName":"V3ProtocolEngine RPE 觸發決策器測試 場景 B: 頂峰組訓練 (TOP_SET_AMRAP 協議) 應該在關鍵組觸發 RPE","invocations":1,"location":null,"numPassingAsserts":4,"retryReasons":[],"status":"passed","title":"應該在關鍵組觸發 RPE"},{"ancestorTitles":["V3ProtocolEngine","RPE 觸發決策器測試","場景 B: 頂峰組訓練 (TOP_SET_AMRAP 協議)"],"duration":0,"failureDetails":[],"failureMessages":[],"fullName":"V3ProtocolEngine RPE 觸發決策器測試 場景 B: 頂峰組訓練 (TOP_SET_AMRAP 協議) 不應該在非關鍵組觸發 RPE","invocations":1,"location":null,"numPassingAsserts":2,"retryReasons":[],"status":"passed","title":"不應該在非關鍵組觸發 RPE"},{"ancestorTitles":["V3ProtocolEngine","RPE 觸發決策器測試","場景 B: 頂峰組訓練 (TOP_SET_AMRAP 協議)"],"duration":1,"failureDetails":[],"failureMessages":[],"fullName":"V3ProtocolEngine RPE 觸發決策器測試 場景 B: 頂峰組訓練 (TOP_SET_AMRAP 協議) 不應該在輔助動作的關鍵組觸發 RPE","invocations":1,"location":null,"numPassingAsserts":2,"retryReasons":[],"status":"passed","title":"不應該在輔助動作的關鍵組觸發 RPE"},{"ancestorTitles":["V3ProtocolEngine","RPE 觸發決策器測試","場景 C: 最大力量測試 (MAX_STRENGTH_TEST 協議)"],"duration":0,"failureDetails":[],"failureMessages":[],"fullName":"V3ProtocolEngine RPE 觸發決策器測試 場景 C: 最大力量測試 (MAX_STRENGTH_TEST 協議) 應該在每次試舉都觸發 RPE","invocations":1,"location":null,"numPassingAsserts":4,"retryReasons":[],"status":"passed","title":"應該在每次試舉都觸發 RPE"},{"ancestorTitles":["V3ProtocolEngine","RPE 觸發決策器測試","場景 C: 最大力量測試 (MAX_STRENGTH_TEST 協議)"],"duration":1,"failureDetails":[],"failureMessages":[],"fullName":"V3ProtocolEngine RPE 觸發決策器測試 場景 C: 最大力量測試 (MAX_STRENGTH_TEST 協議) 應該在每次試舉都觸發 RPE，無論組數","invocations":1,"location":null,"numPassingAsserts":3,"retryReasons":[],"status":"passed","title":"應該在每次試舉都觸發 RPE，無論組數"},{"ancestorTitles":["V3ProtocolEngine","RPE 觸發決策器測試","場景 C: 最大力量測試 (MAX_STRENGTH_TEST 協議)"],"duration":1,"failureDetails":[],"failureMessages":[],"fullName":"V3ProtocolEngine RPE 觸發決策器測試 場景 C: 最大力量測試 (MAX_STRENGTH_TEST 協議) 應該在輔助動作也觸發 RPE","invocations":1,"location":null,"numPassingAsserts":3,"retryReasons":[],"status":"passed","title":"應該在輔助動作也觸發 RPE"},{"ancestorTitles":["V3ProtocolEngine","RPE 觸發決策器測試","邊界情況測試"],"duration":1,"failureDetails":[],"failureMessages":[],"fullName":"V3ProtocolEngine RPE 觸發決策器測試 邊界情況測試 應該處理無效的協議 ID","invocations":1,"location":null,"numPassingAsserts":2,"retryReasons":[],"status":"passed","title":"應該處理無效的協議 ID"},{"ancestorTitles":["V3ProtocolEngine","RPE 觸發決策器測試","邊界情況測試"],"duration":0,"failureDetails":[],"failureMessages":[],"fullName":"V3ProtocolEngine RPE 觸發決策器測試 邊界情況測試 應該處理空上下文","invocations":1,"location":null,"numPassingAsserts":2,"retryReasons":[],"status":"passed","title":"應該處理空上下文"},{"ancestorTitles":["V3ProtocolEngine","RPE 觸發決策器測試","邊界情況測試"],"duration":1,"failureDetails":[],"failureMessages":[],"fullName":"V3ProtocolEngine RPE 觸發決策器測試 邊界情況測試 應該處理高強度組觸發條件","invocations":1,"location":null,"numPassingAsserts":1,"retryReasons":[],"status":"passed","title":"應該處理高強度組觸發條件"},{"ancestorTitles":["V3ProtocolEngine","適應性規則引擎測試","場景 A: 進展順利"],"duration":1,"failureDetails":[],"failureMessages":[],"fullName":"V3ProtocolEngine 適應性規則引擎測試 場景 A: 進展順利 應該在力量持續增長時建議增加強度","invocations":1,"location":null,"numPassingAsserts":1,"retryReasons":[],"status":"passed","title":"應該在力量持續增長時建議增加強度"},{"ancestorTitles":["V3ProtocolEngine","適應性規則引擎測試","場景 B: 遇到阻力"],"duration":0,"failureDetails":[],"failureMessages":[],"fullName":"V3ProtocolEngine 適應性規則引擎測試 場景 B: 遇到阻力 應該在 RPE 趨勢上升時建議降低負荷","invocations":1,"location":null,"numPassingAsserts":3,"retryReasons":[],"status":"passed","title":"應該在 RPE 趨勢上升時建議降低負荷"},{"ancestorTitles":["V3ProtocolEngine","適應性規則引擎測試","場景 B: 遇到阻力"],"duration":0,"failureDetails":[],"failureMessages":[],"fullName":"V3ProtocolEngine 適應性規則引擎測試 場景 B: 遇到阻力 應該在高疲勞水平時建議休息","invocations":1,"location":null,"numPassingAsserts":3,"retryReasons":[],"status":"passed","title":"應該在高疲勞水平時建議休息"},{"ancestorTitles":["V3ProtocolEngine","適應性規則引擎測試","場景 C: 減載協議"],"duration":1,"failureDetails":[],"failureMessages":[],"fullName":"V3ProtocolEngine 適應性規則引擎測試 場景 C: 減載協議 應該在滿足減載條件時建議減載","invocations":1,"location":null,"numPassingAsserts":2,"retryReasons":[],"status":"passed","title":"應該在滿足減載條件時建議減載"},{"ancestorTitles":["V3ProtocolEngine","適應性規則引擎測試","邊界情況測試"],"duration":1,"failureDetails":[],"failureMessages":[],"fullName":"V3ProtocolEngine 適應性規則引擎測試 邊界情況測試 應該處理空上下文","invocations":1,"location":null,"numPassingAsserts":1,"retryReasons":[],"status":"passed","title":"應該處理空上下文"},{"ancestorTitles":["V3ProtocolEngine","適應性規則引擎測試","邊界情況測試"],"duration":0,"failureDetails":[],"failureMessages":[],"fullName":"V3ProtocolEngine 適應性規則引擎測試 邊界情況測試 應該處理無效的協議 ID","invocations":1,"location":null,"numPassingAsserts":1,"retryReasons":[],"status":"passed","title":"應該處理無效的協議 ID"},{"ancestorTitles":["V3ProtocolEngine","適應性規則引擎測試","邊界情況測試"],"duration":0,"failureDetails":[],"failureMessages":[],"fullName":"V3ProtocolEngine 適應性規則引擎測試 邊界情況測試 應該處理不完整的 RPE 數據","invocations":1,"location":null,"numPassingAsserts":1,"retryReasons":[],"status":"passed","title":"應該處理不完整的 RPE 數據"},{"ancestorTitles":["V3ProtocolEngine","協議管理測試"],"duration":1,"failureDetails":[],"failureMessages":[],"fullName":"V3ProtocolEngine 協議管理測試 應該獲取所有協議","invocations":1,"location":null,"numPassingAsserts":4,"retryReasons":[],"status":"passed","title":"應該獲取所有協議"},{"ancestorTitles":["V3ProtocolEngine","協議管理測試"],"duration":1,"failureDetails":[],"failureMessages":[],"fullName":"V3ProtocolEngine 協議管理測試 應該根據 ID 獲取特定協議","invocations":1,"location":null,"numPassingAsserts":6,"retryReasons":[],"status":"passed","title":"應該根據 ID 獲取特定協議"},{"ancestorTitles":["V3ProtocolEngine","協議管理測試"],"duration":0,"failureDetails":[],"failureMessages":[],"fullName":"V3ProtocolEngine 協議管理測試 應該根據訓練日類型獲取協議","invocations":1,"location":null,"numPassingAsserts":3,"retryReasons":[],"status":"passed","title":"應該根據訓練日類型獲取協議"},{"ancestorTitles":["V3ProtocolEngine","性能測試"],"duration":2,"failureDetails":[],"failureMessages":[],"fullName":"V3ProtocolEngine 性能測試 應該快速處理 RPE 觸發決策","invocations":1,"location":null,"numPassingAsserts":1,"retryReasons":[],"status":"passed","title":"應該快速處理 RPE 觸發決策"},{"ancestorTitles":["V3ProtocolEngine","性能測試"],"duration":7,"failureDetails":[],"failureMessages":[],"fullName":"V3ProtocolEngine 性能測試 應該快速處理適應性規則評估","invocations":1,"location":null,"numPassingAsserts":1,"retryReasons":[],"status":"passed","title":"應該快速處理適應性規則評估"}],"endTime":1758342157733,"message":"","name":"/mnt/e/vibe/athlete-ally-original/apps/frontend/src/lib/protocols/__tests__/v3-protocol-engine.test.ts","startTime":1758342115762,"status":"passed","summary":""},{"assertionResults":[{"ancestorTitles":["Onboarding合同统一测试","OnboardingPayloadSchema验证"],"duration":232,"failureDetails":[],"failureMessages":[],"fullName":"Onboarding合同统一测试 OnboardingPayloadSchema验证 应该接受有效的onboarding数据","invocations":1,"location":null,"numPassingAsserts":2,"retryReasons":[],"status":"passed","title":"应该接受有效的onboarding数据"},{"ancestorTitles":["Onboarding合同统一测试","OnboardingPayloadSchema验证"],"duration":1,"failureDetails":[],"failureMessages":[],"fullName":"Onboarding合同统一测试 OnboardingPayloadSchema验证 应该拒绝无效的userId格式","invocations":1,"location":null,"numPassingAsserts":2,"retryReasons":[],"status":"passed","title":"应该拒绝无效的userId格式"},{"ancestorTitles":["Onboarding合同统一测试","OnboardingPayloadSchema验证"],"duration":1,"failureDetails":[],"failureMessages":[],"fullName":"Onboarding合同统一测试 OnboardingPayloadSchema验证 应该拒绝无效的availabilityDays值","invocations":1,"location":null,"numPassingAsserts":2,"retryReasons":[],"status":"passed","title":"应该拒绝无效的availabilityDays值"},{"ancestorTitles":["Onboarding合同统一测试","OnboardingPayloadSchema验证"],"duration":0,"failureDetails":[],"failureMessages":[],"fullName":"Onboarding合同统一测试 OnboardingPayloadSchema验证 应该拒绝无效的proficiency值","invocations":1,"location":null,"numPassingAsserts":2,"retryReasons":[],"status":"passed","title":"应该拒绝无效的proficiency值"},{"ancestorTitles":["Onboarding合同统一测试","OnboardingPayloadSchema验证"],"duration":0,"failureDetails":[],"failureMessages":[],"fullName":"Onboarding合同统一测试 OnboardingPayloadSchema验证 应该接受可选的字段","invocations":1,"location":null,"numPassingAsserts":2,"retryReasons":[],"status":"passed","title":"应该接受可选的字段"},{"ancestorTitles":["Onboarding合同统一测试","availabilityDays类型统一"],"duration":1,"failureDetails":[],"failureMessages":[],"fullName":"Onboarding合同统一测试 availabilityDays类型统一 availabilityDays应该是数字类型","invocations":1,"location":null,"numPassingAsserts":2,"retryReasons":[],"status":"passed","title":"availabilityDays应该是数字类型"},{"ancestorTitles":["Onboarding合同统一测试","availabilityDays类型统一"],"duration":1,"failureDetails":[],"failureMessages":[],"fullName":"Onboarding合同统一测试 availabilityDays类型统一 应该拒绝字符串数组类型的availabilityDays","invocations":1,"location":null,"numPassingAsserts":2,"retryReasons":[],"status":"passed","title":"应该拒绝字符串数组类型的availabilityDays"},{"ancestorTitles":["Onboarding合同统一测试","availabilityDays类型统一"],"duration":1,"failureDetails":[],"failureMessages":[],"fullName":"Onboarding合同统一测试 availabilityDays类型统一 availabilityDays应该在1-7范围内","invocations":1,"location":null,"numPassingAsserts":5,"retryReasons":[],"status":"passed","title":"availabilityDays应该在1-7范围内"},{"ancestorTitles":["Onboarding合同统一测试","步骤验证功能"],"duration":0,"failureDetails":[],"failureMessages":[],"fullName":"Onboarding合同统一测试 步骤验证功能 应该正确验证步骤1（目的和目标）","invocations":1,"location":null,"numPassingAsserts":2,"retryReasons":[],"status":"passed","title":"应该正确验证步骤1（目的和目标）"},{"ancestorTitles":["Onboarding合同统一测试","步骤验证功能"],"duration":1,"failureDetails":[],"failureMessages":[],"fullName":"Onboarding合同统一测试 步骤验证功能 应该正确验证步骤2（技能水平）","invocations":1,"location":null,"numPassingAsserts":2,"retryReasons":[],"status":"passed","title":"应该正确验证步骤2（技能水平）"},{"ancestorTitles":["Onboarding合同统一测试","步骤验证功能"],"duration":0,"failureDetails":[],"failureMessages":[],"fullName":"Onboarding合同统一测试 步骤验证功能 应该正确验证步骤3（赛季和目标）","invocations":1,"location":null,"numPassingAsserts":2,"retryReasons":[],"status":"passed","title":"应该正确验证步骤3（赛季和目标）"},{"ancestorTitles":["Onboarding合同统一测试","步骤验证功能"],"duration":0,"failureDetails":[],"failureMessages":[],"fullName":"Onboarding合同统一测试 步骤验证功能 应该正确验证步骤4（可用性）","invocations":1,"location":null,"numPassingAsserts":2,"retryReasons":[],"status":"passed","title":"应该正确验证步骤4（可用性）"},{"ancestorTitles":["Onboarding合同统一测试","步骤验证功能"],"duration":1,"failureDetails":[],"failureMessages":[],"fullName":"Onboarding合同统一测试 步骤验证功能 应该正确验证步骤5（设备）","invocations":1,"location":null,"numPassingAsserts":2,"retryReasons":[],"status":"passed","title":"应该正确验证步骤5（设备）"},{"ancestorTitles":["Onboarding合同统一测试","步骤验证功能"],"duration":0,"failureDetails":[],"failureMessages":[],"fullName":"Onboarding合同统一测试 步骤验证功能 应该正确验证步骤6（恢复习惯）","invocations":1,"location":null,"numPassingAsserts":2,"retryReasons":[],"status":"passed","title":"应该正确验证步骤6（恢复习惯）"},{"ancestorTitles":["Onboarding合同统一测试","进度计算功能"],"duration":1,"failureDetails":[],"failureMessages":[],"fullName":"Onboarding合同统一测试 进度计算功能 应该正确计算步骤进度","invocations":1,"location":null,"numPassingAsserts":7,"retryReasons":[],"status":"passed","title":"应该正确计算步骤进度"},{"ancestorTitles":["Onboarding合同统一测试","合同兼容性测试"],"duration":0,"failureDetails":[],"failureMessages":[],"fullName":"Onboarding合同统一测试 合同兼容性测试 应该与前端API路由兼容","invocations":1,"location":null,"numPassingAsserts":1,"retryReasons":[],"status":"passed","title":"应该与前端API路由兼容"},{"ancestorTitles":["Onboarding合同统一测试","合同兼容性测试"],"duration":1,"failureDetails":[],"failureMessages":[],"fullName":"Onboarding合同统一测试 合同兼容性测试 应该与Gateway BFF兼容","invocations":1,"location":null,"numPassingAsserts":1,"retryReasons":[],"status":"passed","title":"应该与Gateway BFF兼容"},{"ancestorTitles":["Onboarding合同统一测试","合同兼容性测试"],"duration":0,"failureDetails":[],"failureMessages":[],"fullName":"Onboarding合同统一测试 合同兼容性测试 应该与Profile Onboarding服务兼容","invocations":1,"location":null,"numPassingAsserts":1,"retryReasons":[],"status":"passed","title":"应该与Profile Onboarding服务兼容"},{"ancestorTitles":["Onboarding合同统一测试","错误处理测试"],"duration":1,"failureDetails":[],"failureMessages":[],"fullName":"Onboarding合同统一测试 错误处理测试 应该提供详细的验证错误信息","invocations":1,"location":null,"numPassingAsserts":5,"retryReasons":[],"status":"passed","title":"应该提供详细的验证错误信息"},{"ancestorTitles":["Onboarding合同统一测试","错误处理测试"],"duration":0,"failureDetails":[],"failureMessages":[],"fullName":"Onboarding合同统一测试 错误处理测试 应该处理空数据","invocations":1,"location":null,"numPassingAsserts":1,"retryReasons":[],"status":"passed","title":"应该处理空数据"},{"ancestorTitles":["Onboarding合同统一测试","错误处理测试"],"duration":0,"failureDetails":[],"failureMessages":[],"fullName":"Onboarding合同统一测试 错误处理测试 应该处理非对象数据","invocations":1,"location":null,"numPassingAsserts":1,"retryReasons":[],"status":"passed","title":"应该处理非对象数据"}],"endTime":1758342160502,"message":"","name":"/mnt/e/vibe/athlete-ally-original/apps/frontend/tests/contracts/onboarding-unification.test.ts","startTime":1758342115764,"status":"passed","summary":""},{"assertionResults":[{"ancestorTitles":["OnboardingPayload Schema"],"duration":294,"failureDetails":[],"failureMessages":[],"fullName":"OnboardingPayload Schema should accept valid payload with weeklyGoalDays","invocations":1,"location":null,"numPassingAsserts":3,"retryReasons":[],"status":"passed","title":"should accept valid payload with weeklyGoalDays"},{"ancestorTitles":["OnboardingPayload Schema"],"duration":1,"failureDetails":[],"failureMessages":[],"fullName":"OnboardingPayload Schema should validate weeklyGoalDays range","invocations":1,"location":null,"numPassingAsserts":3,"retryReasons":[],"status":"passed","title":"should validate weeklyGoalDays range"},{"ancestorTitles":["OnboardingPayload Schema"],"duration":2,"failureDetails":[],"failureMessages":[],"fullName":"OnboardingPayload Schema should allow weeklyGoalDays to be optional","invocations":1,"location":null,"numPassingAsserts":1,"retryReasons":[],"status":"passed","title":"should allow weeklyGoalDays to be optional"}],"endTime":1758342162891,"message":"","name":"/mnt/e/vibe/athlete-ally-original/packages/contracts/__tests__/onboarding-schema.test.ts","startTime":1758342147468,"status":"passed","summary":""},{"assertionResults":[{"ancestorTitles":["PermissionsAPIClient","checkPermission"],"duration":210,"failureDetails":[],"failureMessages":[],"fullName":"PermissionsAPIClient checkPermission 应该正确检查用户权限","invocations":1,"location":null,"numPassingAsserts":2,"retryReasons":[],"status":"passed","title":"应该正确检查用户权限"},{"ancestorTitles":["PermissionsAPIClient","checkPermission"],"duration":17,"failureDetails":[],"failureMessages":[],"fullName":"PermissionsAPIClient checkPermission 应该处理权限检查失败","invocations":1,"location":null,"numPassingAsserts":1,"retryReasons":[],"status":"passed","title":"应该处理权限检查失败"},{"ancestorTitles":["PermissionsAPIClient","getUserPermissions"],"duration":2,"failureDetails":[],"failureMessages":[],"fullName":"PermissionsAPIClient getUserPermissions 应该正确获取用户权限","invocations":1,"location":null,"numPassingAsserts":2,"retryReasons":[],"status":"passed","title":"应该正确获取用户权限"},{"ancestorTitles":["PermissionsAPIClient","getProtocolShares"],"duration":4,"failureDetails":[],"failureMessages":[],"fullName":"PermissionsAPIClient getProtocolShares 应该正确获取协议分享列表","invocations":1,"location":null,"numPassingAsserts":2,"retryReasons":[],"status":"passed","title":"应该正确获取协议分享列表"},{"ancestorTitles":["PermissionsAPIClient","shareProtocol"],"duration":1,"failureDetails":[],"failureMessages":[],"fullName":"PermissionsAPIClient shareProtocol 应该正确分享协议","invocations":1,"location":null,"numPassingAsserts":2,"retryReasons":[],"status":"passed","title":"应该正确分享协议"},{"ancestorTitles":["PermissionsAPIClient","updateProtocolShare"],"duration":1,"failureDetails":[],"failureMessages":[],"fullName":"PermissionsAPIClient updateProtocolShare 应该正确更新分享权限","invocations":1,"location":null,"numPassingAsserts":2,"retryReasons":[],"status":"passed","title":"应该正确更新分享权限"},{"ancestorTitles":["PermissionsAPIClient","revokeProtocolShare"],"duration":1,"failureDetails":[],"failureMessages":[],"fullName":"PermissionsAPIClient revokeProtocolShare 应该正确撤销分享","invocations":1,"location":null,"numPassingAsserts":1,"retryReasons":[],"status":"passed","title":"应该正确撤销分享"},{"ancestorTitles":["PermissionsAPIClient","acceptProtocolShare"],"duration":6,"failureDetails":[],"failureMessages":[],"fullName":"PermissionsAPIClient acceptProtocolShare 应该正确接受分享","invocations":1,"location":null,"numPassingAsserts":2,"retryReasons":[],"status":"passed","title":"应该正确接受分享"},{"ancestorTitles":["PermissionsAPIClient","rejectProtocolShare"],"duration":1,"failureDetails":[],"failureMessages":[],"fullName":"PermissionsAPIClient rejectProtocolShare 应该正确拒绝分享","invocations":1,"location":null,"numPassingAsserts":1,"retryReasons":[],"status":"passed","title":"应该正确拒绝分享"},{"ancestorTitles":["PermissionsAPIClient","getReceivedShares"],"duration":1,"failureDetails":[],"failureMessages":[],"fullName":"PermissionsAPIClient getReceivedShares 应该正确获取收到的分享","invocations":1,"location":null,"numPassingAsserts":2,"retryReasons":[],"status":"passed","title":"应该正确获取收到的分享"},{"ancestorTitles":["PermissionsAPIClient","getSentShares"],"duration":1,"failureDetails":[],"failureMessages":[],"fullName":"PermissionsAPIClient getSentShares 应该正确获取发送的分享","invocations":1,"location":null,"numPassingAsserts":2,"retryReasons":[],"status":"passed","title":"应该正确获取发送的分享"},{"ancestorTitles":["PermissionsAPIClient","setProtocolPublic"],"duration":2,"failureDetails":[],"failureMessages":[],"fullName":"PermissionsAPIClient setProtocolPublic 应该正确设置协议公开状态","invocations":1,"location":null,"numPassingAsserts":2,"retryReasons":[],"status":"passed","title":"应该正确设置协议公开状态"},{"ancestorTitles":["PermissionsAPIClient","copyPublicProtocol"],"duration":1,"failureDetails":[],"failureMessages":[],"fullName":"PermissionsAPIClient copyPublicProtocol 应该正确复制公开协议","invocations":1,"location":null,"numPassingAsserts":2,"retryReasons":[],"status":"passed","title":"应该正确复制公开协议"},{"ancestorTitles":["PermissionsAPIClient","getPublicProtocols"],"duration":2,"failureDetails":[],"failureMessages":[],"fullName":"PermissionsAPIClient getPublicProtocols 应该正确获取公开协议列表","invocations":1,"location":null,"numPassingAsserts":2,"retryReasons":[],"status":"passed","title":"应该正确获取公开协议列表"},{"ancestorTitles":["PermissionsAPIClient","searchUsers"],"duration":1,"failureDetails":[],"failureMessages":[],"fullName":"PermissionsAPIClient searchUsers 应该正确搜索用户","invocations":1,"location":null,"numPassingAsserts":2,"retryReasons":[],"status":"passed","title":"应该正确搜索用户"},{"ancestorTitles":["PermissionsAPIClient","getPermissionStats"],"duration":1,"failureDetails":[],"failureMessages":[],"fullName":"PermissionsAPIClient getPermissionStats 应该正确获取权限统计","invocations":1,"location":null,"numPassingAsserts":2,"retryReasons":[],"status":"passed","title":"应该正确获取权限统计"},{"ancestorTitles":["PermissionsAPIClient","错误处理"],"duration":82,"failureDetails":[],"failureMessages":[],"fullName":"PermissionsAPIClient 错误处理 应该正确处理网络错误","invocations":1,"location":null,"numPassingAsserts":1,"retryReasons":[],"status":"passed","title":"应该正确处理网络错误"},{"ancestorTitles":["PermissionsAPIClient","错误处理"],"duration":1,"failureDetails":[],"failureMessages":[],"fullName":"PermissionsAPIClient 错误处理 应该正确处理API错误响应","invocations":1,"location":null,"numPassingAsserts":1,"retryReasons":[],"status":"passed","title":"应该正确处理API错误响应"},{"ancestorTitles":["PermissionsAPIClient","错误处理"],"duration":0,"failureDetails":[],"failureMessages":[],"fullName":"PermissionsAPIClient 错误处理 应该正确处理空响应","invocations":1,"location":null,"numPassingAsserts":1,"retryReasons":[],"status":"passed","title":"应该正确处理空响应"}],"endTime":1758342169446,"message":"","name":"/mnt/e/vibe/athlete-ally-original/apps/frontend/src/__tests__/api/permissions-api.test.ts","startTime":1758342123137,"status":"passed","summary":""},{"assertionResults":[{"ancestorTitles":["JWT Authentication Security","JWT Token Generation and Validation"],"duration":207,"failureDetails":[],"failureMessages":[],"fullName":"JWT Authentication Security JWT Token Generation and Validation should generate valid JWT token","invocations":1,"location":null,"numPassingAsserts":3,"retryReasons":[],"status":"passed","title":"should generate valid JWT token"},{"ancestorTitles":["JWT Authentication Security","JWT Token Generation and Validation"],"duration":4,"failureDetails":[],"failureMessages":[],"fullName":"JWT Authentication Security JWT Token Generation and Validation should verify valid JWT token","invocations":1,"location":null,"numPassingAsserts":3,"retryReasons":[],"status":"passed","title":"should verify valid JWT token"},{"ancestorTitles":["JWT Authentication Security","JWT Token Generation and Validation"],"duration":111,"failureDetails":[],"failureMessages":[],"fullName":"JWT Authentication Security JWT Token Generation and Validation should reject invalid JWT token","invocations":1,"location":null,"numPassingAsserts":1,"retryReasons":[],"status":"passed","title":"should reject invalid JWT token"},{"ancestorTitles":["JWT Authentication Security","JWT Token Generation and Validation"],"duration":3,"failureDetails":[],"failureMessages":[],"fullName":"JWT Authentication Security JWT Token Generation and Validation should reject expired JWT token","invocations":1,"location":null,"numPassingAsserts":1,"retryReasons":[],"status":"passed","title":"should reject expired JWT token"},{"ancestorTitles":["JWT Authentication Security","Authorization Header Parsing"],"duration":1,"failureDetails":[],"failureMessages":[],"fullName":"JWT Authentication Security Authorization Header Parsing should extract token from valid Authorization header","invocations":1,"location":null,"numPassingAsserts":1,"retryReasons":[],"status":"passed","title":"should extract token from valid Authorization header"},{"ancestorTitles":["JWT Authentication Security","Authorization Header Parsing"],"duration":1,"failureDetails":[],"failureMessages":[],"fullName":"JWT Authentication Security Authorization Header Parsing should reject missing Authorization header","invocations":1,"location":null,"numPassingAsserts":1,"retryReasons":[],"status":"passed","title":"should reject missing Authorization header"},{"ancestorTitles":["JWT Authentication Security","Authorization Header Parsing"],"duration":1,"failureDetails":[],"failureMessages":[],"fullName":"JWT Authentication Security Authorization Header Parsing should reject invalid Authorization header format","invocations":1,"location":null,"numPassingAsserts":1,"retryReasons":[],"status":"passed","title":"should reject invalid Authorization header format"},{"ancestorTitles":["JWT Authentication Security","Authorization Header Parsing"],"duration":0,"failureDetails":[],"failureMessages":[],"fullName":"JWT Authentication Security Authorization Header Parsing should reject Authorization header without Bearer","invocations":1,"location":null,"numPassingAsserts":1,"retryReasons":[],"status":"passed","title":"should reject Authorization header without Bearer"},{"ancestorTitles":["JWT Authentication Security","Security Context Management"],"duration":1,"failureDetails":[],"failureMessages":[],"fullName":"JWT Authentication Security Security Context Management should set and get security context","invocations":1,"location":null,"numPassingAsserts":3,"retryReasons":[],"status":"passed","title":"should set and get security context"},{"ancestorTitles":["JWT Authentication Security","Security Context Management"],"duration":1,"failureDetails":[],"failureMessages":[],"fullName":"JWT Authentication Security Security Context Management should verify ownership correctly","invocations":1,"location":null,"numPassingAsserts":2,"retryReasons":[],"status":"passed","title":"should verify ownership correctly"},{"ancestorTitles":["JWT Authentication Security","Security Context Management"],"duration":1,"failureDetails":[],"failureMessages":[],"fullName":"JWT Authentication Security Security Context Management should clear security context","invocations":1,"location":null,"numPassingAsserts":2,"retryReasons":[],"status":"passed","title":"should clear security context"}],"endTime":1758342173390,"message":"","name":"/mnt/e/vibe/athlete-ally-original/apps/frontend/tests/security/auth.test.ts","startTime":1758342124115,"status":"passed","summary":""},{"assertionResults":[{"ancestorTitles":["Event Bus Smoke Tests","Test Utils Integration"],"duration":3,"failureDetails":[],"failureMessages":[],"fullName":"Event Bus Smoke Tests Test Utils Integration should create successful responses","invocations":1,"location":null,"numPassingAsserts":2,"retryReasons":[],"status":"passed","title":"should create successful responses"},{"ancestorTitles":["Event Bus Smoke Tests","Test Utils Integration"],"duration":1,"failureDetails":[],"failureMessages":[],"fullName":"Event Bus Smoke Tests Test Utils Integration should create error responses","invocations":1,"location":null,"numPassingAsserts":2,"retryReasons":[],"status":"passed","title":"should create error responses"},{"ancestorTitles":["Event Bus Smoke Tests","Test Utils Integration"],"duration":3,"failureDetails":[],"failureMessages":[],"fullName":"Event Bus Smoke Tests Test Utils Integration should unwrap successful responses","invocations":1,"location":null,"numPassingAsserts":1,"retryReasons":[],"status":"passed","title":"should unwrap successful responses"},{"ancestorTitles":["Event Bus Smoke Tests","Test Utils Integration"],"duration":1,"failureDetails":[],"failureMessages":[],"fullName":"Event Bus Smoke Tests Test Utils Integration should map responses","invocations":1,"location":null,"numPassingAsserts":2,"retryReasons":[],"status":"passed","title":"should map responses"},{"ancestorTitles":["Event Bus Smoke Tests","Event Schema Validation"],"duration":5,"failureDetails":[],"failureMessages":[],"fullName":"Event Bus Smoke Tests Event Schema Validation should validate valid event data","invocations":1,"location":null,"numPassingAsserts":3,"retryReasons":[],"status":"passed","title":"should validate valid event data"},{"ancestorTitles":["Event Bus Smoke Tests","Event Schema Validation"],"duration":1,"failureDetails":[],"failureMessages":[],"fullName":"Event Bus Smoke Tests Event Schema Validation should reject invalid event data","invocations":1,"location":null,"numPassingAsserts":1,"retryReasons":[],"status":"passed","title":"should reject invalid event data"},{"ancestorTitles":["Event Bus Smoke Tests","Package Integration"],"duration":23844,"failureDetails":[],"failureMessages":[],"fullName":"Event Bus Smoke Tests Package Integration should export main functionality","invocations":1,"location":null,"numPassingAsserts":1,"retryReasons":[],"status":"passed","title":"should export main functionality"},{"ancestorTitles":["Event Bus Smoke Tests","Package Integration"],"duration":12,"failureDetails":[],"failureMessages":[],"fullName":"Event Bus Smoke Tests Package Integration should handle async operations with test utils","invocations":1,"location":null,"numPassingAsserts":2,"retryReasons":[],"status":"passed","title":"should handle async operations with test utils"}],"endTime":1758342180357,"message":"","name":"/mnt/e/vibe/athlete-ally-original/packages/event-bus/__tests__/smoke.test.ts","startTime":1758342119871,"status":"passed","summary":""},{"assertionResults":[{"ancestorTitles":["IDOR (Insecure Direct Object Reference) Protection","User A vs User B Access Control"],"duration":155,"failureDetails":[],"failureMessages":[],"fullName":"IDOR (Insecure Direct Object Reference) Protection User A vs User B Access Control should allow user A to access their own resources","invocations":1,"location":null,"numPassingAsserts":1,"retryReasons":[],"status":"passed","title":"should allow user A to access their own resources"},{"ancestorTitles":["IDOR (Insecure Direct Object Reference) Protection","User A vs User B Access Control"],"duration":1,"failureDetails":[],"failureMessages":[],"fullName":"IDOR (Insecure Direct Object Reference) Protection User A vs User B Access Control should deny user A access to user B resources","invocations":1,"location":null,"numPassingAsserts":1,"retryReasons":[],"status":"passed","title":"should deny user A access to user B resources"},{"ancestorTitles":["IDOR (Insecure Direct Object Reference) Protection","User A vs User B Access Control"],"duration":1,"failureDetails":[],"failureMessages":[],"fullName":"IDOR (Insecure Direct Object Reference) Protection User A vs User B Access Control should deny user B access to user A resources","invocations":1,"location":null,"numPassingAsserts":1,"retryReasons":[],"status":"passed","title":"should deny user B access to user A resources"},{"ancestorTitles":["IDOR (Insecure Direct Object Reference) Protection","User A vs User B Access Control"],"duration":0,"failureDetails":[],"failureMessages":[],"fullName":"IDOR (Insecure Direct Object Reference) Protection User A vs User B Access Control should handle missing context gracefully","invocations":1,"location":null,"numPassingAsserts":1,"retryReasons":[],"status":"passed","title":"should handle missing context gracefully"},{"ancestorTitles":["IDOR (Insecure Direct Object Reference) Protection","Resource Access Scenarios"],"duration":1,"failureDetails":[],"failureMessages":[],"fullName":"IDOR (Insecure Direct Object Reference) Protection Resource Access Scenarios should protect plan generation requests","invocations":1,"location":null,"numPassingAsserts":2,"retryReasons":[],"status":"passed","title":"should protect plan generation requests"},{"ancestorTitles":["IDOR (Insecure Direct Object Reference) Protection","Resource Access Scenarios"],"duration":0,"failureDetails":[],"failureMessages":[],"fullName":"IDOR (Insecure Direct Object Reference) Protection Resource Access Scenarios should protect job status queries","invocations":1,"location":null,"numPassingAsserts":2,"retryReasons":[],"status":"passed","title":"should protect job status queries"},{"ancestorTitles":["IDOR (Insecure Direct Object Reference) Protection","Resource Access Scenarios"],"duration":0,"failureDetails":[],"failureMessages":[],"fullName":"IDOR (Insecure Direct Object Reference) Protection Resource Access Scenarios should prevent cross-user data access","invocations":1,"location":null,"numPassingAsserts":1,"retryReasons":[],"status":"passed","title":"should prevent cross-user data access"},{"ancestorTitles":["IDOR (Insecure Direct Object Reference) Protection","Edge Cases"],"duration":1,"failureDetails":[],"failureMessages":[],"fullName":"IDOR (Insecure Direct Object Reference) Protection Edge Cases should handle empty user IDs","invocations":1,"location":null,"numPassingAsserts":2,"retryReasons":[],"status":"passed","title":"should handle empty user IDs"},{"ancestorTitles":["IDOR (Insecure Direct Object Reference) Protection","Edge Cases"],"duration":1,"failureDetails":[],"failureMessages":[],"fullName":"IDOR (Insecure Direct Object Reference) Protection Edge Cases should handle null/undefined resource user IDs","invocations":1,"location":null,"numPassingAsserts":1,"retryReasons":[],"status":"passed","title":"should handle null/undefined resource user IDs"},{"ancestorTitles":["IDOR (Insecure Direct Object Reference) Protection","Edge Cases"],"duration":2,"failureDetails":[],"failureMessages":[],"fullName":"IDOR (Insecure Direct Object Reference) Protection Edge Cases should handle case sensitivity","invocations":1,"location":null,"numPassingAsserts":2,"retryReasons":[],"status":"passed","title":"should handle case sensitivity"},{"ancestorTitles":["IDOR (Insecure Direct Object Reference) Protection","Security Context Lifecycle"],"duration":1,"failureDetails":[],"failureMessages":[],"fullName":"IDOR (Insecure Direct Object Reference) Protection Security Context Lifecycle should clear context after request completion","invocations":1,"location":null,"numPassingAsserts":4,"retryReasons":[],"status":"passed","title":"should clear context after request completion"},{"ancestorTitles":["IDOR (Insecure Direct Object Reference) Protection","Security Context Lifecycle"],"duration":1,"failureDetails":[],"failureMessages":[],"fullName":"IDOR (Insecure Direct Object Reference) Protection Security Context Lifecycle should handle multiple concurrent requests","invocations":1,"location":null,"numPassingAsserts":4,"retryReasons":[],"status":"passed","title":"should handle multiple concurrent requests"}],"endTime":1758342184783,"message":"","name":"/mnt/e/vibe/athlete-ally-original/apps/frontend/tests/security/idor.test.ts","startTime":1758342128892,"status":"passed","summary":""},{"assertionResults":[{"ancestorTitles":["Magic Slice Hooks"],"duration":80,"failureDetails":[],"failureMessages":[],"fullName":"Magic Slice Hooks submits RPE feedback to BFF route","invocations":1,"location":null,"numPassingAsserts":2,"retryReasons":[],"status":"passed","title":"submits RPE feedback to BFF route"},{"ancestorTitles":["Magic Slice Hooks"],"duration":61,"failureDetails":[],"failureMessages":[],"fullName":"Magic Slice Hooks submits performance metrics to BFF route","invocations":1,"location":null,"numPassingAsserts":2,"retryReasons":[],"status":"passed","title":"submits performance metrics to BFF route"}],"endTime":1758342213982,"message":"","name":"/mnt/e/vibe/athlete-ally-original/apps/frontend/src/__tests__/api/magic-slice-hooks.test.tsx","startTime":1758342165009,"status":"passed","summary":""},{"assertionResults":[{"ancestorTitles":["Gateway→Planning feedback proxy"],"duration":234,"failureDetails":[],"failureMessages":[],"fullName":"Gateway→Planning feedback proxy proxies valid RPE feedback","invocations":1,"location":null,"numPassingAsserts":1,"retryReasons":[],"status":"passed","title":"proxies valid RPE feedback"},{"ancestorTitles":["Gateway→Planning feedback proxy"],"duration":14,"failureDetails":[],"failureMessages":[],"fullName":"Gateway→Planning feedback proxy proxies valid performance metrics","invocations":1,"location":null,"numPassingAsserts":1,"retryReasons":[],"status":"passed","title":"proxies valid performance metrics"},{"ancestorTitles":["Gateway→Planning feedback proxy"],"duration":10,"failureDetails":[],"failureMessages":[],"fullName":"Gateway→Planning feedback proxy rejects invalid RPE payload with 400","invocations":1,"location":null,"numPassingAsserts":1,"retryReasons":[],"status":"passed","title":"rejects invalid RPE payload with 400"}],"endTime":1758342243788,"message":"","name":"/mnt/e/vibe/athlete-ally-original/apps/gateway-bff/src/__tests__/contracts/planning-proxy.feedback.test.ts","startTime":1758342131801,"status":"passed","summary":""},{"assertionResults":[{"ancestorTitles":["Gateway→Planning contract validation"],"duration":404,"failureDetails":[],"failureMessages":[],"fullName":"Gateway→Planning contract validation accepts valid envelope from downstream for enhanced generate","invocations":1,"location":null,"numPassingAsserts":2,"retryReasons":[],"status":"passed","title":"accepts valid envelope from downstream for enhanced generate"},{"ancestorTitles":["Gateway→Planning contract validation"],"duration":13,"failureDetails":[],"failureMessages":[],"fullName":"Gateway→Planning contract validation rejects invalid downstream envelope with 502","invocations":1,"location":null,"numPassingAsserts":1,"retryReasons":[],"status":"passed","title":"rejects invalid downstream envelope with 502"},{"ancestorTitles":["Gateway→Planning contract validation"],"duration":5,"failureDetails":[],"failureMessages":[],"fullName":"Gateway→Planning contract validation rejects invalid request payload with 400","invocations":1,"location":null,"numPassingAsserts":1,"retryReasons":[],"status":"passed","title":"rejects invalid request payload with 400"}],"endTime":1758342243918,"message":"","name":"/mnt/e/vibe/athlete-ally-original/apps/gateway-bff/src/__tests__/contracts/planning-proxy.contract.test.ts","startTime":1758342104140,"status":"passed","summary":""}],"wasInterrupted":false,"coverageMap":{"/mnt/e/vibe/athlete-ally-original/packages/contracts/tests/test-utils/helpers.ts":{"path":"/mnt/e/vibe/athlete-ally-original/packages/contracts/tests/test-utils/helpers.ts","statementMap":{"0":{"start":{"line":7,"column":0},"end":{"line":7,"column":7}},"1":{"start":{"line":8,"column":0},"end":{"line":8,"column":16}},"2":{"start":{"line":9,"column":0},"end":{"line":9,"column":16}},"3":{"start":{"line":12,"column":0},"end":{"line":12,"column":7}},"4":{"start":{"line":42,"column":0},"end":{"line":42,"column":7}},"5":{"start":{"line":45,"column":0},"end":{"line":45,"column":7}},"6":{"start":{"line":48,"column":0},"end":{"line":48,"column":7}},"7":{"start":{"line":4,"column":18},"end":{"line":4,"column":70}},"8":{"start":{"line":4,"column":51},"end":{"line":4,"column":69}},"9":{"start":{"line":4,"column":13},"end":{"line":4,"column":18}},"10":{"start":{"line":5,"column":19},"end":{"line":5,"column":88}},"11":{"start":{"line":5,"column":67},"end":{"line":5,"column":87}},"12":{"start":{"line":5,"column":13},"end":{"line":5,"column":19}},"13":{"start":{"line":6,"column":20},"end":{"line":6,"column":87}},"14":{"start":{"line":6,"column":74},"end":{"line":6,"column":87}},"15":{"start":{"line":6,"column":13},"end":{"line":6,"column":20}},"16":{"start":{"line":7,"column":79},"end":{"line":7,"column":138}},"
[...]
end":{"line":40,"column":43}},"16":{"start":{"line":41,"column":4},"end":{"line":41,"column":32}},"17":{"start":{"line":44,"column":2},"end":{"line":55,"column":5}},"18":{"start":{"line":45,"column":4},"end":{"line":45,"column":89}},"19":{"start":{"line":45,"column":82},"end":{"line":45,"column":89}},"20":{"start":{"line":46,"column":17},"end":{"line":46,"column":102}},"21":{"start":{"line":47,"column":4},"end":{"line":54,"column":29}},"22":{"start":{"line":48,"column":35},"end":{"line":48,"column":164}},"23":{"start":{"line":49,"column":6},"end":{"line":51,"column":7}},"24":{"start":{"line":50,"column":8},"end":{"line":50,"column":125}},"25":{"start":{"line":52,"column":6},"end":{"line":52,"column":54}},"26":{"start":{"line":53,"column":6},"end":{"line":53,"column":47}},"27":{"start":{"line":54,"column":16},"end":{"line":54,"column":27}},"28":{"start":{"line":58,"column":2},"end":{"line":69,"column":5}},"29":{"start":{"line":59,"column":4},"end":{"line":59,"column":71}},"30":{"start":{"line":59,"column":64},"end":{"line":59,"column":71}},"31":{"start":{"line":60,"column":17},"end":{"line":60,"column":97}},"32":{"start":{"line":61,"column":4},"end":{"line":68,"column":29}},"33":{"start":{"line":62,"column":35},"end":{"line":62,"column":159}},"34":{"start":{"line":63,"column":6},"end":{"line":65,"column":7}},"35":{"start":{"line":64,"column":8},"end":{"line":64,"column":125}},"36":{"start":{"line":66,"column":6},"end":{"line":66,"column":54}},"37":{"start":{"line":67,"column":6},"end":{"line":67,"column":47}},"38":{"start":{"line":68,"column":16},"end":{"line":68,"column":27}},"39":{"start":{"line":72,"column":2},"end":{"line":83,"column":5}},"40":{"start":{"line":73,"column":4},"end":{"line":73,"column":78}},"41":{"start":{"line":73,"column":71},"end":{"line":73,"column":78}},"42":{"start":{"line":74,"column":17},"end":{"line":74,"column":105}},"43":{"start":{"line":75,"column":4},"end":{"line":82,"column":29}},"44":{"start":{"line":76,"column":35},"end":{"line":76,"column":167}},"45":{"start":{"line":77,"column":6},"end":{"line":79,"column":7}},"46":{"start":{"line":78,"column":8},"end":{"line":78,"column":125}},"47":{"start":{"line":80,"column":6},"end":{"line":80,"column":54}},"48":{"start":{"line":81,"column":6},"end":{"line":81,"column":47}},"49":{"start":{"line":82,"column":16},"end":{"line":82,"column":27}},"50":{"start":{"line":86,"column":2},"end":{"line":100,"column":5}},"51":{"start":{"line":87,"column":23},"end":{"line":87,"column":59}},"52":{"start":{"line":88,"column":17},"end":{"line":88,"column":105}},"53":{"start":{"line":89,"column":4},"end":{"line":99,"column":29}},"54":{"start":{"line":90,"column":18},"end":{"line":90,"column":195}},"55":{"start":{"line":91,"column":19},"end":{"line":91,"column":35}},"56":{"start":{"line":92,"column":24},"end":{"line":92,"column":50}},"57":{"start":{"line":93,"column":20},"end":{"line":93,"column":45}},"58":{"start":{"line":94,"column":6},"end":{"line":96,"column":7}},"59":{"start":{"line":95,"column":8},"end":{"line":95,"column":125}},"60":{"start":{"line":97,"column":6},"end":{"line":97,"column":54}},"61":{"start":{"line":98,"column":6},"end":{"line":98,"column":47}},"62":{"start":{"line":99,"column":16},"end":{"line":99,"column":27}},"63":{"start":{"line":103,"column":2},"end":{"line":121,"column":5}},"64":{"start":{"line":104,"column":19},"end":{"line":104,"column":65}},"65":{"start":{"line":105,"column":4},"end":{"line":107,"column":5}},"66":{"start":{"line":106,"column":6},"end":{"line":106,"column":124}},"67":{"start":{"line":108,"column":23},"end":{"line":108,"column":59}},"68":{"start":{"line":109,"column":17},"end":{"line":109,"column":112}},"69":{"start":{"line":110,"column":4},"end":{"line":120,"column":29}},"70":{"start":{"line":111,"column":18},"end":{"line":111,"column":210}},"71":{"start":{"line":112,"column":19},"end":{"line":112,"column":35}},"72":{"start":{"line":113,"column":24},"end":{"line":113,"column":50}},"73":{"start":{"line":114,"column":20},"end":{"line":114,"column":45}},"74":{"start":{"line":115,"column":6},"end":{"line":117,"column":7}},"75":{"start":{"line":116,"column":8},"end":{"line":116,"column":125}},"76":{"start":{"line":118,"column":6},"end":{"line":118,"column":54}},"77":{"start":{"line":119,"column":6},"end":{"line":119,"column":47}},"78":{"start":{"line":120,"column":16},"end":{"line":120,"column":27}}},"fnMap":{"0":{"name":"registerMagicSliceRoutes","decl":{"start":{"line":16,"column":16},"end":{"line":16,"column":40}},"loc":{"start":{"line":16,"column":64},"end":{"line":122,"column":1}}},"1":{"name":"validateOr400","decl":{"start":{"line":20,"column":11},"end":{"line":20,"column":24}},"loc":{"start":{"line":20,"column":75},"end":{"line":31,"column":3}}},"2":{"name":"proxyWithEnvelope","decl":{"start":{"line":36,"column":17},"end":{"line":36,"column":34}},"loc":{"start":{"line":36,"column":95},"end":{"line":42,"column":3}}},"3":{"name":"(anonymous_3)","decl":{"start":{"line":44,"column":49},"end":{"line":44,"column":54}},"loc":{"start":{"line":44,"column":74},"end":{"line":55,"column":3}}},"4":{"name":"(anonymous_4)","decl":{"start":{"line":58,"column":44},"end":{"line":58,"column":49}},"loc":{"start":{"line":58,"column":69},"end":{"line":69,"column":3}}},"5":{"name":"(anonymous_5)","decl":{"start":{"line":72,"column":52},"end":{"line":72,"column":57}},"loc":{"start":{"line":72,"column":77},"end":{"line":83,"column":3}}},"6":{"name":"(anonymous_6)","decl":{"start":{"line":86,"column":50},"end":{"line":86,"column":55}},"loc":{"start":{"line":86,"column":75},"end":{"line":100,"column":3}}},"7":{"name":"(anonymous_7)","decl":{"start":{"line":103,"column":57},"end":{"line":103,"column":62}},"loc":{"start":{"line":103,"column":82},"end":{"line":121,"column":3}}}},"branchMap":{"0":{"loc":{"start":{"line":22,"column":4},"end":{"line":25,"column":5}},"type":"if","locations":[{"start":{"line":22,"column":4},"end":{"line":25,"column":5}}]},"1":{"loc":{"start":{"line":45,"column":4},"end":{"line":45,"column":89}},"type":"if","locations":[{"start":{"line":45,"column":4},"end":{"line":45,"column":89}}]},"2":{"loc":{"start":{"line":49,"column":6},"end":{"line":51,"column":7}},"type":"if","locations":[{"start":{"line":49,"column":6},"end":{"line":51,"column":7}}]},"3":{"loc":{"start":{"line":52,"column":29},"end":{"line":52,"column":43}},"type":"cond-expr","locations":[{"start":{"line":52,"column":38},"end":{"line":52,"column":39}},{"start":{"line":52,"column":42},"end":{"line":52,"column":43}}]},"4":{"loc":{"start":{"line":59,"column":4},"end":{"line":59,"column":71}},"type":"if","locations":[{"start":{"line":59,"column":4},"end":{"line":59,"column":71}}]},"5":{"loc":{"start":{"line":63,"column":6},"end":{"line":65,"column":7}},"type":"if","locations":[{"start":{"line":63,"column":6},"end":{"line":65,"column":7}}]},"6":{"loc":{"start":{"line":66,"column":29},"end":{"line":66,"column":43}},"type":"cond-expr","locations":[{"start":{"line":66,"column":38},"end":{"line":66,"column":39}},{"start":{"line":66,"column":42},"end":{"line":66,"column":43}}]},"7":{"loc":{"start":{"line":73,"column":4},"end":{"line":73,"column":78}},"type":"if","locations":[{"start":{"line":73,"column":4},"end":{"line":73,"column":78}}]},"8":{"loc":{"start":{"line":77,"column":6},"end":{"line":79,"column":7}},"type":"if","locations":[{"start":{"line":77,"column":6},"end":{"line":79,"column":7}}]},"9":{"loc":{"start":{"line":80,"column":29},"end":{"line":80,"column":43}},"type":"cond-expr","locations":[{"start":{"line":80,"column":38},"end":{"line":80,"column":39}},{"start":{"line":80,"column":42},"end":{"line":80,"column":43}}]},"10":{"loc":{"start":{"line":94,"column":6},"end":{"line":96,"column":7}},"type":"if","locations":[{"start":{"line":94,"column":6},"end":{"line":96,"column":7}}]},"11":{"loc":{"start":{"line":97,"column":29},"end":{"line":97,"column":43}},"type":"cond-expr","locations":[{"start":{"line":97,"column":38},"end":{"line":97,"column":39}},{"start":{"line":97,"column":42},"end":{"line":97,"column":43}}]},"12":{"loc":{"start":{"line":105,"column":4},"end":{"line":107,"column":5}},"type":"if","locations":[{"start":{"line":105,"column":4},"end":{"line":107,"column":5}}]},"13":{"loc":{"start":{"line":115,"column":6},"end":{"line":117,"column":7}},"type":"if","locations":[{"start":{"line":115,"column":6},"end":{"line":117,"column":7}}]},"14":{"loc":{"start":{"line":118,"column":29},"end":{"line":118,"column":43}},"type":"cond-expr","locations":[{"start":{"line":118,"column":38},"end":{"line":118,"column":39}},{"start":{"line":118,"column":42},"end":{"line":118,"column":43}}]}},"s":{"0":2,"1":2,"2":2,"3":2,"4":2,"5":2,"6":6,"7":6,"8":2,"9":2,"10":4,"11":4,"12":4,"13":4,"14":4,"15":4,"16":4,"17":6,"18":3,"19":1,"20":2,"21":2,"22":2,"23":2,"24":1,"25":1,"26":1,"27":2,"28":6,"29":2,"30":1,"31":1,"32":1,"33":1,"34":1,"35":0,"36":1,"37":1,"38":1,"39":6,"40":1,"41":0,"42":1,"43":1,"44":1,"45":1,"46":0,"47":1,"48":1,"49":1,"50":6,"51":0,"52":0,"53":0,"54":0,"55":0,"56":0,"57":0,"58":0,"59":0,"60":0,"61":0,"62":0,"63":6,"64":0,"65":0,"66":0,"67":0,"68":0,"69":0,"70":0,"71":0,"72":0,"73":0,"74":0,"75":0,"76":0,"77":0,"78":0},"f":{"0":6,"1":6,"2":4,"3":3,"4":2,"5":1,"6":0,"7":0},"b":{"0":[2],"1":[1],"2":[1],"3":[1,0],"4":[1],"5":[0],"6":[1,0],"7":[0],"8":[0],"9":[1,0],"10":[0],"11":[0,0],"12":[0],"13":[0],"14":[0,0]}},"/mnt/e/vibe/athlete-ally-original/apps/gateway-bff/src/telemetry.ts":{"path":"/mnt/e/vibe/athlete-ally-original/apps/gateway-bff/src/telemetry.ts","statementMap":{"0":{"start":{"line":1,"column":0},"end":{"line":1,"column":50}},"1":{"start":{"line":2,"column":0},"end":{"line":2,"column":88}},"2":{"start":{"line":3,"column":0},"end":{"line":3,"column":72}},"3":{"start":{"line":4,"column":0},"end":{"line":4,"column":64}},"4":{"start":{"line":5,"column":0},"end":{"line":5,"column":52}},"5":{"start":{"line":6,"column":0},"end":{"line":6,"column":81}},"6":{"start":{"line":7,"column":0},"end":{"line":7,"column":52}},"7":{"start":{"line":10,"column":17},"end":{"line":15,"column":2}},"8":{"start":{"line":18,"column":15},"end":{"line":18,"column":54}},"9":{"start":{"line":143,"column":14},"end":{"line":143,"column":20}},"10":{"start":{"line":21,"column":14},"end":{"line":21,"column":54}},"11":{"start":{"line":143,"column":22},"end":{"line":143,"column":27}},"12":{"start":{"line":24,"column":13},"end":{"line":63,"column":2}},"13":{"start":{"line":66,"column":34},"end":{"line":72,"column":1}},"14":{"start":{"line":67,"column":15},"end":{"line":67,"column":37}},"15":{"start":{"line":68,"column":2},"end":{"line":70,"column":5}},"16":{"start":{"line":69,"column":4},"end":{"line":69,"column":34}},"17":{"start":{"line":71,"column":2},"end":{"line":71,"column":14}},"18":{"start":{"line":66,"column":13},"end":{"line":66,"column":34}},"19":{"start":{"line":75,"column":35},"end":{"line":82,"column":1}},"20":{"start":{"line":76,"column":15},"end":{"line":80,"column":4}},"21":{"start":{"line":81,"column":2},"end":{"line":81,"column":14}},"22":{"start":{"line":75,"column":13},"end":{"line":75,"column":35}},"23":{"start":{"line":85,"column":35},"end":{"line":93,"column":1}},"24":{"start":{"line":86,"column":15},"end":{"line":91,"column":4}},"25":{"start":{"line":92,"column":2},"end":{"line":92,"column":14}},"26":{"start":{"line":85,"column":13},"end":{"line":85,"column":35}},"27":{"start":{"line":96,"column":31},"end":{"line":103,"column":1}},"28":{"start":{"line":97,"column":15},"end":{"line":101,"column":4}},"29":{"start":{"line":102,"column":2},"end":{"line":102,"column":14}},"30":{"start":{"line":96,"column":13},"end":{"line":96,"column":31}},"31":{"start":{"line":106,"column":12},"end":{"line":130,"column":2}},"32":{"start":{"line":117,"column":10},"end":{"line":117,"column":95}},"33":{"start":{"line":118,"column":10},"end":{"line":118,"column":99}},"34":{"start":{"line":143,"column":9},"end":{"line":143,"column":12}},"35":{"start":{"line":133,"column":0},"end":{"line":133,"column":12}},"36":{"start":{"line":136,"column":0},"end":{"line":141,"column":3}},"37":{"start":{"line":137,"column":2},"end":{"line":140,"column":36}},"38":{"start":{"line":138,"column":16},"end":{"line":138,"column":49}},"39":{"start":{"line":139,"column":22},"end":{"line":139,"column":69}},"40":{"start":{"line":140,"column":19},"end":{"line":140,"column":34}}},"fnMap":{"0":{"name":"(anonymous_0)","decl":{"start":{"line":66,"column":34},"end":{"line":66,"column":35}},"loc":{"start":{"line":66,"column":89},"end":{"line":72,"column":1}}},"1":{"name":"(anonymous_1)","decl":{"start":{"line":68,"column":37},"end":{"line":68,"column":38}},"loc":{"start":{"line":68,"column":54},"end":{"line":70,"column":3}}},"2":{"name":"(anonymous_2)","decl":{"start":{"line":75,"column":35},"end":{"line":75,"column":36}},"loc":{"start":{"line":75,"column":87},"end":{"line":82,"column":1}}},"3":{"name":"(anonymous_3)","decl":{"start":{"line":85,"column":35},"end":{"line":85,"column":36}},"loc":{"start":{"line":85,"column":69},"end":{"line":93,"column":1}}},"4":{"name":"(anonymous_4)","decl":{"start":{"line":96,"column":31},"end":{"line":96,"column":32}},"loc":{"start":{"line":96,"column":81},"end":{"line":103,"column":1}}},"5":{"name":"(anonymous_5)","decl":{"start":{"line":115,"column":21},"end":{"line":115,"column":22}},"loc":{"start":{"line":115,"column":49},"end":{"line":119,"column":9}}},"6":{"name":"(anonymous_6)","decl":{"start":{"line":136,"column":22},"end":{"line":136,"column":25}},"loc":{"start":{"line":136,"column":27},"end":{"line":141,"column":1}}},"7":{"name":"(anonymous_7)","decl":{"start":{"line":138,"column":10},"end":{"line":138,"column":13}},"loc":{"start":{"line":138,"column":16},"end":{"line":138,"column":49}}},"8":{"name":"(anonymous_8)","decl":{"start":{"line":139,"column":11},"end":{"line":139,"column":12}},"loc":{"start":{"line":139,"column":22},"end":{"line":139,"column":69}}},"9":{"name":"(anonymous_9)","decl":{"start":{"line":140,"column":13},"end":{"line":140,"column":16}},"loc":{"start":{"line":140,"column":19},"end":{"line":140,"column":34}}}},"branchMap":{"0":{"loc":{"start":{"line":13,"column":55},"end":{"line":13,"column":92}},"type":"binary-expr","locations":[{"start":{"line":13,"column":55},"end":{"line":13,"column":75}},{"start":{"line":13,"column":79},"end":{"line":13,"column":92}}]},"1":{"loc":{"start":{"line":14,"column":52},"end":{"line":14,"column":91}},"type":"binary-expr","locations":[{"start":{"line":14,"column":52},"end":{"line":14,"column":72}},{"start":{"line":14,"column":76},"end":{"line":14,"column":91}}]},"2":{"loc":{"start":{"line":66,"column":49},"end":{"line":66,"column":85}},"type":"default-arg","locations":[{"start":{"line":66,"column":83},"end":{"line":66,"column":85}}]},"3":{"loc":{"start":{"line":88,"column":23},"end":{"line":88,"column":56}},"type":"binary-expr","locations":[{"start":{"line":88,"column":23},"end":{"line":88,"column":42}},{"start":{"line":88,"column":46},"end":{"line":88,"column":56}}]},"4":{"loc":{"start":{"line":89,"column":28},"end":{"line":89,"column":59}},"type":"binary-expr","locations":[{"start":{"line":89,"column":28},"end":{"line":89,"column":54}},{"start":{"line":89,"column":58},"end":{"line":89,"column":59}}]},"5":{"loc":{"start":{"line":90,"column":30},"end":{"line":90,"column":60}},"type":"binary-expr","locations":[{"start":{"line":90,"column":30},"end":{"line":90,"column":55}},{"start":{"line":90,"column":59},"end":{"line":90,"column":60}}]},"6":{"loc":{"start":{"line":100,"column":15},"end":{"line":100,"column":36}},"type":"binary-expr","locations":[{"start":{"line":100,"column":15},"end":{"line":100,"column":21}},{"start":{"line":100,"column":25},"end":{"line":100,"column":36}}]},"7":{"loc":{"start":{"line":117,"column":47},"end":{"line":117,"column":93}},"type":"binary-expr","locations":[{"start":{"line":117,"column":47},"end":{"line":117,"column":80}},{"start":{"line":117,"column":84},"end":{"line":117,"column":93}}]},"8":{"loc":{"start":{"line":118,"column":49},"end":{"line":118,"column":97}},"type":"binary-expr","locations":[{"start":{"line":118,"column":49},"end":{"line":118,"column":84}},{"start":{"line":118,"column":88},"end":{"line":118,"column":97}}]},"9":{"loc":{"start":{"line":124,"column":14},"end":{"line":124,"column":80}},"type":"binary-expr","locations":[{"start":{"line":124,"column":14},"end":{"line":124,"column":41}},{"start":{"line":124,"column":45},"end":{"line":124,"column":80}}]}},"s":{"0":2,"1":2,"2":2,"3":2,"4":2,"5":2,"6":2,"7":2,"8":2,"9":2,"10":2,"11":2,"12":2,"13":2,"14":4,"15":4,"16":12,"17":4,"18":2,"19":2,"20":0,"21":0,"22":2,"23":2,"24":0,"25":0,"26":2,"27":2,"28":4,"29":4,"30":2,"31":2,"32":0,"33":0,"34":2,"35":2,"36":2,"37":0,"38":0,"39":0,"40":0},"f":{"0":4,"1":12,"2":0,"3":0,"4":4,"5":0,"6":0,"7":0,"8":0,"9":0},"b":{"0":[2,0],"1":[2,2],"2":[0],"3":[0,0],"4":[0,0],"5":[0,0],"6":[4,4],"7":[0,0],"8":[0,0],"9":[2,2]}},"/mnt/e/vibe/athlete-ally-original/apps/gateway-bff/src/config.ts":{"path":"/mnt/e/vibe/athlete-ally-original/apps/gateway-bff/src/config.ts","statementMap":{"0":{"start":{"line":3,"column":0},"end":{"line":3,"column":24}},"1":{"start":{"line":6,"column":18},"end":{"line":34,"column":2}},"2":{"start":{"line":8,"column":36},"end":{"line":8,"column":45}},"3":{"start":{"line":19,"column":44},"end":{"line":19,"column":53}},"4":{"start":{"line":25,"column":52},"end":{"line":25,"column":61}},"5":{"start":{"line":26,"column":55},"end":{"line":26,"column":64}},"6":{"start":{"line":27,"column":53},"end":{"line":27,"column":62}},"7":{"start":{"line":28,"column":58},"end":{"line":28,"column":70}},"8":{"start":{"line":29,"column":54},"end":{"line":29,"column":66}},"9":{"start":{"line":33,"column":53},"end":{"line":33,"column":62}},"10":{"start":{"line":36,"column":13},"end":{"line":44,"column":5}},"11":{"start":{"line":37,"column":17},"end":{"line":37,"column":49}},"12":{"start":{"line":38,"column":2},"end":{"line":42,"column":3}},"13":{"start":{"line":40,"column":4},"end":{"line":40,"column":91}},"14":{"start":{"line":41,"column":4},"end":{"line":41,"column":20}},"15":{"start":{"line":43,"column":2},"end":{"line":43,"column":21}}},"fnMap":{"0":{"name":"(anonymous_0)","decl":{"start":{"line":8,"column":29},"end":{"line":8,"column":30}},"loc":{"start":{"line":8,"column":36},"end":{"line":8,"column":45}}},"1":{"name":"(anonymous_1)","decl":{"start":{"line":19,"column":37},"end":{"line":19,"column":38}},"loc":{"start":{"line":19,"column":44},"end":{"line":19,"column":53}}},"2":{"name":"(anonymous_2)","decl":{"start":{"line":25,"column":45},"end":{"line":25,"column":46}},"loc":{"start":{"line":25,"column":52},"end":{"line":25,"column":61}}},"3":{"name":"(anonymous_3)","decl":{"start":{"line":26,"column":48},"end":{"line":26,"column":49}},"loc":{"start":{"line":26,"column":55},"end":{"line":26,"column":64}}},"4":{"name":"(anonymous_4)","decl":{"start":{"line":27,"column":46},"end":{"line":27,"column":47}},"loc":{"start":{"line":27,"column":53},"end":{"line":27,"column":62}}},"5":{"name":"(anonymous_5)","decl":{"start":{"line":28,"column":51},"end":{"line":28,"column":52}},"loc":{"start":{"line":28,"column":58},"end":{"line":28,"column":70}}},"6":{"name":"(anonymous_6)","decl":{"start":{"line":29,"column":47},"end":{"line":29,"column":48}},"loc":{"start":{"line":29,"column":54},"end":{"line":29,"column":66}}},"7":{"name":"(anonymous_7)","decl":{"start":{"line":33,"column":46},"end":{"line":33,"column":47}},"loc":{"start":{"line":33,"column":53},"end":{"line":33,"column":62}}},"8":{"name":"(anonymous_8)","decl":{"start":{"line":36,"column":23},"end":{"line":36,"column":26}},"loc":{"start":{"line":36,"column":28},"end":{"line":44,"column":1}}}},"branchMap":{"0":{"loc":{"start":{"line":38,"column":2},"end":{"line":42,"column":3}},"type":"if","locations":[{"start":{"line":38,"column":2},"end":{"line":42,"column":3}}]}},"s":{"0":2,"1":2,"2":2,"3":2,"4":2,"5":2,"6":2,"7":2,"8":2,"9":2,"10":2,"11":2,"12":2,"13":0,"14":0,"15":2},"f":{"0":2,"1":2,"2":2,"3":2,"4":2,"5":2,"6":2,"7":2,"8":2},"b":{"0":[0]}}}}
